j:\programming\college\game mod\quake2\quake2-full\game\release\m_berserk.obj
j:\programming\college\game mod\quake2\quake2-full\game\release\m_actor.obj
j:\programming\college\game mod\quake2\quake2-full\game\release\g_weapon.obj
j:\programming\college\game mod\quake2\quake2-full\game\release\g_utils.obj
j:\programming\college\game mod\quake2\quake2-full\game\release\g_turret.obj
j:\programming\college\game mod\quake2\quake2-full\game\release\g_trigger.obj
j:\programming\college\game mod\quake2\quake2-full\game\release\g_target.obj
j:\programming\college\game mod\quake2\quake2-full\game\release\g_svcmds.obj
j:\programming\college\game mod\quake2\quake2-full\game\release\g_spawn.obj
j:\programming\college\game mod\quake2\quake2-full\game\release\g_save.obj
j:\programming\college\game mod\quake2\quake2-full\game\release\g_phys.obj
j:\programming\college\game mod\quake2\quake2-full\game\release\g_monster.obj
j:\programming\college\game mod\quake2\quake2-full\game\release\g_misc.obj
j:\programming\college\game mod\quake2\quake2-full\game\release\g_main.obj
j:\programming\college\game mod\quake2\quake2-full\game\release\g_items.obj
j:\programming\college\game mod\quake2\quake2-full\game\release\g_func.obj
j:\programming\college\game mod\quake2\quake2-full\game\release\g_combat.obj
j:\programming\college\game mod\quake2\quake2-full\game\release\g_cmds.obj
j:\programming\college\game mod\quake2\quake2-full\game\release\g_chase.obj
j:\programming\college\game mod\quake2\quake2-full\game\release\g_ai.obj
j:\programming\college\game mod\quake2\quake2-full\game\release\m_soldier.obj
j:\programming\college\game mod\quake2\quake2-full\game\release\m_parasite.obj
j:\programming\college\game mod\quake2\quake2-full\game\release\m_mutant.obj
j:\programming\college\game mod\quake2\quake2-full\game\release\m_move.obj
j:\programming\college\game mod\quake2\quake2-full\game\release\m_medic.obj
j:\programming\college\game mod\quake2\quake2-full\game\release\m_insane.obj
j:\programming\college\game mod\quake2\quake2-full\game\release\m_infantry.obj
j:\programming\college\game mod\quake2\quake2-full\game\release\m_hover.obj
j:\programming\college\game mod\quake2\quake2-full\game\release\m_gunner.obj
j:\programming\college\game mod\quake2\quake2-full\game\release\m_gladiator.obj
j:\programming\college\game mod\quake2\quake2-full\game\release\m_flyer.obj
j:\programming\college\game mod\quake2\quake2-full\game\release\m_float.obj
j:\programming\college\game mod\quake2\quake2-full\game\release\m_flipper.obj
j:\programming\college\game mod\quake2\quake2-full\game\release\m_flash.obj
j:\programming\college\game mod\quake2\quake2-full\game\release\m_chick.obj
j:\programming\college\game mod\quake2\quake2-full\game\release\m_brain.obj
j:\programming\college\game mod\quake2\quake2-full\game\release\m_boss32.obj
j:\programming\college\game mod\quake2\quake2-full\game\release\m_boss31.obj
j:\programming\college\game mod\quake2\quake2-full\game\release\m_boss3.obj
j:\programming\college\game mod\quake2\quake2-full\game\release\m_boss2.obj
j:\programming\college\game mod\quake2\quake2-full\game\release\q_shared.obj
j:\programming\college\game mod\quake2\quake2-full\game\release\p_weapon.obj
j:\programming\college\game mod\quake2\quake2-full\game\release\p_view.obj
j:\programming\college\game mod\quake2\quake2-full\game\release\p_trail.obj
j:\programming\college\game mod\quake2\quake2-full\game\release\p_hud.obj
j:\programming\college\game mod\quake2\quake2-full\game\release\p_client.obj
j:\programming\college\game mod\quake2\quake2-full\game\release\m_tank.obj
j:\programming\college\game mod\quake2\quake2-full\game\release\m_supertank.obj
j:\programming\college\game mod\quake2\quake2-full\release\gamex86.lib
j:\programming\college\game mod\quake2\quake2-full\release\gamex86.exp
j:\games\quake 4\quake ii\baseq2\gamex86.dll
j:\programming\college\game mod\quake2\quake2-full\game\release\game.tlog\cl.command.1.tlog
j:\programming\college\game mod\quake2\quake2-full\game\release\game.tlog\cl.read.1.tlog
j:\programming\college\game mod\quake2\quake2-full\game\release\game.tlog\cl.write.1.tlog
j:\programming\college\game mod\quake2\quake2-full\game\release\game.tlog\game.write.1u.tlog
j:\programming\college\game mod\quake2\quake2-full\game\release\game.tlog\link.command.1.tlog
j:\programming\college\game mod\quake2\quake2-full\game\release\game.tlog\link.read.1.tlog
j:\programming\college\game mod\quake2\quake2-full\game\release\game.tlog\link.write.1.tlog
