j:\programming\college\game mod\quake2\quake2-full\debug\game.bsc
j:\programming\college\game mod\quake2\quake2-full\game\debug\g_ai.sbr
j:\programming\college\game mod\quake2\quake2-full\game\debug\g_chase.sbr
j:\programming\college\game mod\quake2\quake2-full\game\debug\g_cmds.sbr
j:\programming\college\game mod\quake2\quake2-full\game\debug\g_combat.sbr
j:\programming\college\game mod\quake2\quake2-full\game\debug\g_func.sbr
j:\programming\college\game mod\quake2\quake2-full\game\debug\g_items.sbr
j:\programming\college\game mod\quake2\quake2-full\game\debug\g_main.sbr
j:\programming\college\game mod\quake2\quake2-full\game\debug\g_misc.sbr
j:\programming\college\game mod\quake2\quake2-full\game\debug\g_monster.sbr
j:\programming\college\game mod\quake2\quake2-full\game\debug\g_phys.sbr
j:\programming\college\game mod\quake2\quake2-full\game\debug\g_save.sbr
j:\programming\college\game mod\quake2\quake2-full\game\debug\g_spawn.sbr
j:\programming\college\game mod\quake2\quake2-full\game\debug\g_svcmds.sbr
j:\programming\college\game mod\quake2\quake2-full\game\debug\g_target.sbr
j:\programming\college\game mod\quake2\quake2-full\game\debug\g_trigger.sbr
j:\programming\college\game mod\quake2\quake2-full\game\debug\g_turret.sbr
j:\programming\college\game mod\quake2\quake2-full\game\debug\g_utils.sbr
j:\programming\college\game mod\quake2\quake2-full\game\debug\g_weapon.sbr
j:\programming\college\game mod\quake2\quake2-full\game\debug\m_actor.sbr
j:\programming\college\game mod\quake2\quake2-full\game\debug\m_berserk.sbr
j:\programming\college\game mod\quake2\quake2-full\game\debug\m_berserk.obj
j:\programming\college\game mod\quake2\quake2-full\game\debug\m_actor.obj
j:\programming\college\game mod\quake2\quake2-full\game\debug\g_weapon.obj
j:\programming\college\game mod\quake2\quake2-full\game\debug\g_utils.obj
j:\programming\college\game mod\quake2\quake2-full\game\debug\g_turret.obj
j:\programming\college\game mod\quake2\quake2-full\game\debug\g_trigger.obj
j:\programming\college\game mod\quake2\quake2-full\game\debug\g_target.obj
j:\programming\college\game mod\quake2\quake2-full\game\debug\g_svcmds.obj
j:\programming\college\game mod\quake2\quake2-full\game\debug\g_spawn.obj
j:\programming\college\game mod\quake2\quake2-full\game\debug\g_save.obj
j:\programming\college\game mod\quake2\quake2-full\game\debug\g_phys.obj
j:\programming\college\game mod\quake2\quake2-full\game\debug\g_monster.obj
j:\programming\college\game mod\quake2\quake2-full\game\debug\g_misc.obj
j:\programming\college\game mod\quake2\quake2-full\game\debug\g_main.obj
j:\programming\college\game mod\quake2\quake2-full\game\debug\g_items.obj
j:\programming\college\game mod\quake2\quake2-full\game\debug\g_func.obj
j:\programming\college\game mod\quake2\quake2-full\game\debug\g_combat.obj
j:\programming\college\game mod\quake2\quake2-full\game\debug\g_cmds.obj
j:\programming\college\game mod\quake2\quake2-full\game\debug\g_chase.obj
j:\programming\college\game mod\quake2\quake2-full\game\debug\g_ai.obj
j:\programming\college\game mod\quake2\quake2-full\game\debug\m_boss2.sbr
j:\programming\college\game mod\quake2\quake2-full\game\debug\m_boss3.sbr
j:\programming\college\game mod\quake2\quake2-full\game\debug\m_boss31.sbr
j:\programming\college\game mod\quake2\quake2-full\game\debug\m_boss32.sbr
j:\programming\college\game mod\quake2\quake2-full\game\debug\m_brain.sbr
j:\programming\college\game mod\quake2\quake2-full\game\debug\m_chick.sbr
j:\programming\college\game mod\quake2\quake2-full\game\debug\m_flash.sbr
j:\programming\college\game mod\quake2\quake2-full\game\debug\m_flipper.sbr
j:\programming\college\game mod\quake2\quake2-full\game\debug\m_float.sbr
j:\programming\college\game mod\quake2\quake2-full\game\debug\m_flyer.sbr
j:\programming\college\game mod\quake2\quake2-full\game\debug\m_gladiator.sbr
j:\programming\college\game mod\quake2\quake2-full\game\debug\m_gunner.sbr
j:\programming\college\game mod\quake2\quake2-full\game\debug\m_hover.sbr
j:\programming\college\game mod\quake2\quake2-full\game\debug\m_infantry.sbr
j:\programming\college\game mod\quake2\quake2-full\game\debug\m_insane.sbr
j:\programming\college\game mod\quake2\quake2-full\game\debug\m_medic.sbr
j:\programming\college\game mod\quake2\quake2-full\game\debug\m_move.sbr
j:\programming\college\game mod\quake2\quake2-full\game\debug\m_mutant.sbr
j:\programming\college\game mod\quake2\quake2-full\game\debug\m_parasite.sbr
j:\programming\college\game mod\quake2\quake2-full\game\debug\m_soldier.sbr
j:\programming\college\game mod\quake2\quake2-full\game\debug\m_soldier.obj
j:\programming\college\game mod\quake2\quake2-full\game\debug\m_parasite.obj
j:\programming\college\game mod\quake2\quake2-full\game\debug\m_mutant.obj
j:\programming\college\game mod\quake2\quake2-full\game\debug\m_move.obj
j:\programming\college\game mod\quake2\quake2-full\game\debug\m_medic.obj
j:\programming\college\game mod\quake2\quake2-full\game\debug\m_insane.obj
j:\programming\college\game mod\quake2\quake2-full\game\debug\m_infantry.obj
j:\programming\college\game mod\quake2\quake2-full\game\debug\m_hover.obj
j:\programming\college\game mod\quake2\quake2-full\game\debug\m_gunner.obj
j:\programming\college\game mod\quake2\quake2-full\game\debug\m_gladiator.obj
j:\programming\college\game mod\quake2\quake2-full\game\debug\m_flyer.obj
j:\programming\college\game mod\quake2\quake2-full\game\debug\m_float.obj
j:\programming\college\game mod\quake2\quake2-full\game\debug\m_flipper.obj
j:\programming\college\game mod\quake2\quake2-full\game\debug\m_flash.obj
j:\programming\college\game mod\quake2\quake2-full\game\debug\m_chick.obj
j:\programming\college\game mod\quake2\quake2-full\game\debug\m_brain.obj
j:\programming\college\game mod\quake2\quake2-full\game\debug\m_boss32.obj
j:\programming\college\game mod\quake2\quake2-full\game\debug\m_boss31.obj
j:\programming\college\game mod\quake2\quake2-full\game\debug\m_boss3.obj
j:\programming\college\game mod\quake2\quake2-full\game\debug\m_boss2.obj
j:\programming\college\game mod\quake2\quake2-full\game\debug\m_supertank.sbr
j:\programming\college\game mod\quake2\quake2-full\game\debug\m_tank.sbr
j:\programming\college\game mod\quake2\quake2-full\game\debug\p_client.sbr
j:\programming\college\game mod\quake2\quake2-full\game\debug\p_hud.sbr
j:\programming\college\game mod\quake2\quake2-full\game\debug\p_trail.sbr
j:\programming\college\game mod\quake2\quake2-full\game\debug\p_view.sbr
j:\programming\college\game mod\quake2\quake2-full\game\debug\p_weapon.sbr
j:\programming\college\game mod\quake2\quake2-full\game\debug\q_shared.sbr
j:\programming\college\game mod\quake2\quake2-full\game\debug\q_shared.obj
j:\programming\college\game mod\quake2\quake2-full\game\debug\p_weapon.obj
j:\programming\college\game mod\quake2\quake2-full\game\debug\p_view.obj
j:\programming\college\game mod\quake2\quake2-full\game\debug\p_trail.obj
j:\programming\college\game mod\quake2\quake2-full\game\debug\p_hud.obj
j:\programming\college\game mod\quake2\quake2-full\game\debug\p_client.obj
j:\programming\college\game mod\quake2\quake2-full\game\debug\m_tank.obj
j:\programming\college\game mod\quake2\quake2-full\game\debug\m_supertank.obj
j:\programming\college\game mod\quake2\quake2-full\debug\gamex86.lib
j:\programming\college\game mod\quake2\quake2-full\debug\gamex86.exp
j:\programming\college\game mod\quake2\quake2-full\debug\game.dll\gamex86.dll
j:\programming\college\game mod\quake2\quake2-full\debug\game.dll\gamex86.pdb
j:\programming\college\game mod\quake2\quake2-full\game\debug\game.tlog\bscmake.command.1.tlog
j:\programming\college\game mod\quake2\quake2-full\game\debug\game.tlog\bscmake.read.1.tlog
j:\programming\college\game mod\quake2\quake2-full\game\debug\game.tlog\bscmake.write.1.tlog
j:\programming\college\game mod\quake2\quake2-full\game\debug\game.tlog\cl.command.1.tlog
j:\programming\college\game mod\quake2\quake2-full\game\debug\game.tlog\cl.read.1.tlog
j:\programming\college\game mod\quake2\quake2-full\game\debug\game.tlog\cl.write.1.tlog
j:\programming\college\game mod\quake2\quake2-full\game\debug\game.tlog\game.write.1u.tlog
j:\programming\college\game mod\quake2\quake2-full\game\debug\game.tlog\link.command.1.tlog
j:\programming\college\game mod\quake2\quake2-full\game\debug\game.tlog\link.read.1.tlog
j:\programming\college\game mod\quake2\quake2-full\game\debug\game.tlog\link.write.1.tlog
