  g_ai.c
j:\programming\college\game mod\quake2\quake2-full\ctf\g_ai.c(771): warning C4100: 'dist': unreferenced formal parameter
  g_chase.c
j:\programming\college\game mod\quake2\quake2-full\ctf\g_chase.c(102): warning C4996: 'sprintf': This function or variable may be unsafe. Consider using sprintf_s instead. To disable deprecation, use _CRT_SECURE_NO_WARNINGS. See online help for details.
  c:\program files (x86)\windows kits\10\include\10.0.10240.0\ucrt\stdio.h(1769): note: see declaration of 'sprintf'
  g_cmds.c
j:\programming\college\game mod\quake2\quake2-full\ctf\g_cmds.c(34): warning C4996: 'strcpy': This function or variable may be unsafe. Consider using strcpy_s instead. To disable deprecation, use _CRT_SECURE_NO_WARNINGS. See online help for details.
j:\programming\college\game mod\quake2\quake2-full\ctf\g_cmds.c(57): warning C4996: 'strcpy': This function or variable may be unsafe. Consider using strcpy_s instead. To disable deprecation, use _CRT_SECURE_NO_WARNINGS. See online help for details.
j:\programming\college\game mod\quake2\quake2-full\ctf\g_cmds.c(58): warning C4996: 'strcpy': This function or variable may be unsafe. Consider using strcpy_s instead. To disable deprecation, use _CRT_SECURE_NO_WARNINGS. See online help for details.
j:\programming\college\game mod\quake2\quake2-full\ctf\g_cmds.c(790): warning C4996: 'strcat': This function or variable may be unsafe. Consider using strcat_s instead. To disable deprecation, use _CRT_SECURE_NO_WARNINGS. See online help for details.
j:\programming\college\game mod\quake2\quake2-full\ctf\g_cmds.c(793): warning C4996: 'strcat': This function or variable may be unsafe. Consider using strcat_s instead. To disable deprecation, use _CRT_SECURE_NO_WARNINGS. See online help for details.
j:\programming\college\game mod\quake2\quake2-full\ctf\g_cmds.c(905): warning C4996: 'strcat': This function or variable may be unsafe. Consider using strcat_s instead. To disable deprecation, use _CRT_SECURE_NO_WARNINGS. See online help for details.
j:\programming\college\game mod\quake2\quake2-full\ctf\g_cmds.c(906): warning C4996: 'strcat': This function or variable may be unsafe. Consider using strcat_s instead. To disable deprecation, use _CRT_SECURE_NO_WARNINGS. See online help for details.
j:\programming\college\game mod\quake2\quake2-full\ctf\g_cmds.c(907): warning C4996: 'strcat': This function or variable may be unsafe. Consider using strcat_s instead. To disable deprecation, use _CRT_SECURE_NO_WARNINGS. See online help for details.
j:\programming\college\game mod\quake2\quake2-full\ctf\g_cmds.c(918): warning C4996: 'strcat': This function or variable may be unsafe. Consider using strcat_s instead. To disable deprecation, use _CRT_SECURE_NO_WARNINGS. See online help for details.
j:\programming\college\game mod\quake2\quake2-full\ctf\g_cmds.c(925): warning C4996: 'strcat': This function or variable may be unsafe. Consider using strcat_s instead. To disable deprecation, use _CRT_SECURE_NO_WARNINGS. See online help for details.
  g_combat.c
  g_ctf.c
j:\programming\college\game mod\quake2\quake2-full\ctf\g_ctf.c(377): warning C4996: 'strcpy': This function or variable may be unsafe. Consider using strcpy_s instead. To disable deprecation, use _CRT_SECURE_NO_WARNINGS. See online help for details.
j:\programming\college\game mod\quake2\quake2-full\ctf\g_ctf.c(519): warning C4100: 'inflictor': unreferenced formal parameter
j:\programming\college\game mod\quake2\quake2-full\ctf\g_ctf.c(875): warning C4100: 'item': unreferenced formal parameter
j:\programming\college\game mod\quake2\quake2-full\ctf\g_ctf.c(1031): warning C4996: 'strcpy': This function or variable may be unsafe. Consider using strcpy_s instead. To disable deprecation, use _CRT_SECURE_NO_WARNINGS. See online help for details.
j:\programming\college\game mod\quake2\quake2-full\ctf\g_ctf.c(1077): warning C4456: declaration of 'i' hides previous local declaration
  j:\programming\college\game mod\quake2\quake2-full\ctf\g_ctf.c(1019): note: see declaration of 'i'
j:\programming\college\game mod\quake2\quake2-full\ctf\g_ctf.c(1096): warning C4456: declaration of 'i' hides previous local declaration
  j:\programming\college\game mod\quake2\quake2-full\ctf\g_ctf.c(1019): note: see declaration of 'i'
j:\programming\college\game mod\quake2\quake2-full\ctf\g_ctf.c(1160): warning C4100: 'self': unreferenced formal parameter
j:\programming\college\game mod\quake2\quake2-full\ctf\g_ctf.c(1167): warning C4100: 'self': unreferenced formal parameter
j:\programming\college\game mod\quake2\quake2-full\ctf\g_ctf.c(1697): warning C4996: 'strcat': This function or variable may be unsafe. Consider using strcat_s instead. To disable deprecation, use _CRT_SECURE_NO_WARNINGS. See online help for details.
j:\programming\college\game mod\quake2\quake2-full\ctf\g_ctf.c(1733): warning C4996: 'strcat': This function or variable may be unsafe. Consider using strcat_s instead. To disable deprecation, use _CRT_SECURE_NO_WARNINGS. See online help for details.
j:\programming\college\game mod\quake2\quake2-full\ctf\g_ctf.c(1760): warning C4996: 'strcat': This function or variable may be unsafe. Consider using strcat_s instead. To disable deprecation, use _CRT_SECURE_NO_WARNINGS. See online help for details.
j:\programming\college\game mod\quake2\quake2-full\ctf\g_ctf.c(1773): warning C4996: 'strcat': This function or variable may be unsafe. Consider using strcat_s instead. To disable deprecation, use _CRT_SECURE_NO_WARNINGS. See online help for details.
j:\programming\college\game mod\quake2\quake2-full\ctf\g_ctf.c(1642): warning C4996: 'sprintf': This function or variable may be unsafe. Consider using sprintf_s instead. To disable deprecation, use _CRT_SECURE_NO_WARNINGS. See online help for details.
  c:\program files (x86)\windows kits\10\include\10.0.10240.0\ucrt\stdio.h(1769): note: see declaration of 'sprintf'
j:\programming\college\game mod\quake2\quake2-full\ctf\g_ctf.c(1684): warning C4996: 'sprintf': This function or variable may be unsafe. Consider using sprintf_s instead. To disable deprecation, use _CRT_SECURE_NO_WARNINGS. See online help for details.
  c:\program files (x86)\windows kits\10\include\10.0.10240.0\ucrt\stdio.h(1769): note: see declaration of 'sprintf'
j:\programming\college\game mod\quake2\quake2-full\ctf\g_ctf.c(1692): warning C4996: 'sprintf': This function or variable may be unsafe. Consider using sprintf_s instead. To disable deprecation, use _CRT_SECURE_NO_WARNINGS. See online help for details.
  c:\program files (x86)\windows kits\10\include\10.0.10240.0\ucrt\stdio.h(1769): note: see declaration of 'sprintf'
j:\programming\college\game mod\quake2\quake2-full\ctf\g_ctf.c(1721): warning C4996: 'sprintf': This function or variable may be unsafe. Consider using sprintf_s instead. To disable deprecation, use _CRT_SECURE_NO_WARNINGS. See online help for details.
  c:\program files (x86)\windows kits\10\include\10.0.10240.0\ucrt\stdio.h(1769): note: see declaration of 'sprintf'
j:\programming\college\game mod\quake2\quake2-full\ctf\g_ctf.c(1729): warning C4996: 'sprintf': This function or variable may be unsafe. Consider using sprintf_s instead. To disable deprecation, use _CRT_SECURE_NO_WARNINGS. See online help for details.
  c:\program files (x86)\windows kits\10\include\10.0.10240.0\ucrt\stdio.h(1769): note: see declaration of 'sprintf'
j:\programming\college\game mod\quake2\quake2-full\ctf\g_ctf.c(1759): warning C4996: 'sprintf': This function or variable may be unsafe. Consider using sprintf_s instead. To disable deprecation, use _CRT_SECURE_NO_WARNINGS. See online help for details.
  c:\program files (x86)\windows kits\10\include\10.0.10240.0\ucrt\stdio.h(1769): note: see declaration of 'sprintf'
j:\programming\college\game mod\quake2\quake2-full\ctf\g_ctf.c(1765): warning C4996: 'sprintf': This function or variable may be unsafe. Consider using sprintf_s instead. To disable deprecation, use _CRT_SECURE_NO_WARNINGS. See online help for details.
  c:\program files (x86)\windows kits\10\include\10.0.10240.0\ucrt\stdio.h(1769): note: see declaration of 'sprintf'
j:\programming\college\game mod\quake2\quake2-full\ctf\g_ctf.c(1784): warning C4996: 'sprintf': This function or variable may be unsafe. Consider using sprintf_s instead. To disable deprecation, use _CRT_SECURE_NO_WARNINGS. See online help for details.
  c:\program files (x86)\windows kits\10\include\10.0.10240.0\ucrt\stdio.h(1769): note: see declaration of 'sprintf'
j:\programming\college\game mod\quake2\quake2-full\ctf\g_ctf.c(1787): warning C4996: 'sprintf': This function or variable may be unsafe. Consider using sprintf_s instead. To disable deprecation, use _CRT_SECURE_NO_WARNINGS. See online help for details.
  c:\program files (x86)\windows kits\10\include\10.0.10240.0\ucrt\stdio.h(1769): note: see declaration of 'sprintf'
j:\programming\college\game mod\quake2\quake2-full\ctf\g_ctf.c(1588): warning C4100: 'killer': unreferenced formal parameter
j:\programming\college\game mod\quake2\quake2-full\ctf\g_ctf.c(1588): warning C4100: 'ent': unreferenced formal parameter
j:\programming\college\game mod\quake2\quake2-full\ctf\g_ctf.c(2223): warning C4996: 'strcpy': This function or variable may be unsafe. Consider using strcpy_s instead. To disable deprecation, use _CRT_SECURE_NO_WARNINGS. See online help for details.
j:\programming\college\game mod\quake2\quake2-full\ctf\g_ctf.c(2251): warning C4996: 'strcpy': This function or variable may be unsafe. Consider using strcpy_s instead. To disable deprecation, use _CRT_SECURE_NO_WARNINGS. See online help for details.
j:\programming\college\game mod\quake2\quake2-full\ctf\g_ctf.c(2257): warning C4996: 'strcpy': This function or variable may be unsafe. Consider using strcpy_s instead. To disable deprecation, use _CRT_SECURE_NO_WARNINGS. See online help for details.
j:\programming\college\game mod\quake2\quake2-full\ctf\g_ctf.c(2265): warning C4996: 'strcat': This function or variable may be unsafe. Consider using strcat_s instead. To disable deprecation, use _CRT_SECURE_NO_WARNINGS. See online help for details.
j:\programming\college\game mod\quake2\quake2-full\ctf\g_ctf.c(2267): warning C4996: 'strcat': This function or variable may be unsafe. Consider using strcat_s instead. To disable deprecation, use _CRT_SECURE_NO_WARNINGS. See online help for details.
j:\programming\college\game mod\quake2\quake2-full\ctf\g_ctf.c(2269): warning C4996: 'strcat': This function or variable may be unsafe. Consider using strcat_s instead. To disable deprecation, use _CRT_SECURE_NO_WARNINGS. See online help for details.
j:\programming\college\game mod\quake2\quake2-full\ctf\g_ctf.c(2272): warning C4996: 'strcat': This function or variable may be unsafe. Consider using strcat_s instead. To disable deprecation, use _CRT_SECURE_NO_WARNINGS. See online help for details.
j:\programming\college\game mod\quake2\quake2-full\ctf\g_ctf.c(2274): warning C4996: 'strcat': This function or variable may be unsafe. Consider using strcat_s instead. To disable deprecation, use _CRT_SECURE_NO_WARNINGS. See online help for details.
j:\programming\college\game mod\quake2\quake2-full\ctf\g_ctf.c(2276): warning C4996: 'strcat': This function or variable may be unsafe. Consider using strcat_s instead. To disable deprecation, use _CRT_SECURE_NO_WARNINGS. See online help for details.
j:\programming\college\game mod\quake2\quake2-full\ctf\g_ctf.c(2278): warning C4996: 'strcat': This function or variable may be unsafe. Consider using strcat_s instead. To disable deprecation, use _CRT_SECURE_NO_WARNINGS. See online help for details.
j:\programming\college\game mod\quake2\quake2-full\ctf\g_ctf.c(2305): warning C4996: 'strcat': This function or variable may be unsafe. Consider using strcat_s instead. To disable deprecation, use _CRT_SECURE_NO_WARNINGS. See online help for details.
j:\programming\college\game mod\quake2\quake2-full\ctf\g_ctf.c(2312): warning C4996: 'strcpy': This function or variable may be unsafe. Consider using strcpy_s instead. To disable deprecation, use _CRT_SECURE_NO_WARNINGS. See online help for details.
j:\programming\college\game mod\quake2\quake2-full\ctf\g_ctf.c(2294): warning C4996: 'sprintf': This function or variable may be unsafe. Consider using sprintf_s instead. To disable deprecation, use _CRT_SECURE_NO_WARNINGS. See online help for details.
  c:\program files (x86)\windows kits\10\include\10.0.10240.0\ucrt\stdio.h(1769): note: see declaration of 'sprintf'
j:\programming\college\game mod\quake2\quake2-full\ctf\g_ctf.c(2306): warning C4996: 'sprintf': This function or variable may be unsafe. Consider using sprintf_s instead. To disable deprecation, use _CRT_SECURE_NO_WARNINGS. See online help for details.
  c:\program files (x86)\windows kits\10\include\10.0.10240.0\ucrt\stdio.h(1769): note: see declaration of 'sprintf'
j:\programming\college\game mod\quake2\quake2-full\ctf\g_ctf.c(2318): warning C4996: 'strcpy': This function or variable may be unsafe. Consider using strcpy_s instead. To disable deprecation, use _CRT_SECURE_NO_WARNINGS. See online help for details.
j:\programming\college\game mod\quake2\quake2-full\ctf\g_ctf.c(2320): warning C4996: 'sprintf': This function or variable may be unsafe. Consider using sprintf_s instead. To disable deprecation, use _CRT_SECURE_NO_WARNINGS. See online help for details.
  c:\program files (x86)\windows kits\10\include\10.0.10240.0\ucrt\stdio.h(1769): note: see declaration of 'sprintf'
j:\programming\college\game mod\quake2\quake2-full\ctf\g_ctf.c(2338): warning C4996: 'strcpy': This function or variable may be unsafe. Consider using strcpy_s instead. To disable deprecation, use _CRT_SECURE_NO_WARNINGS. See online help for details.
j:\programming\college\game mod\quake2\quake2-full\ctf\g_ctf.c(2333): warning C4996: 'sprintf': This function or variable may be unsafe. Consider using sprintf_s instead. To disable deprecation, use _CRT_SECURE_NO_WARNINGS. See online help for details.
  c:\program files (x86)\windows kits\10\include\10.0.10240.0\ucrt\stdio.h(1769): note: see declaration of 'sprintf'
j:\programming\college\game mod\quake2\quake2-full\ctf\g_ctf.c(2344): warning C4996: 'strcpy': This function or variable may be unsafe. Consider using strcpy_s instead. To disable deprecation, use _CRT_SECURE_NO_WARNINGS. See online help for details.
j:\programming\college\game mod\quake2\quake2-full\ctf\g_ctf.c(2346): warning C4996: 'strcpy': This function or variable may be unsafe. Consider using strcpy_s instead. To disable deprecation, use _CRT_SECURE_NO_WARNINGS. See online help for details.
j:\programming\college\game mod\quake2\quake2-full\ctf\g_ctf.c(2367): warning C4996: 'strcat': This function or variable may be unsafe. Consider using strcat_s instead. To disable deprecation, use _CRT_SECURE_NO_WARNINGS. See online help for details.
j:\programming\college\game mod\quake2\quake2-full\ctf\g_ctf.c(2368): warning C4996: 'strcat': This function or variable may be unsafe. Consider using strcat_s instead. To disable deprecation, use _CRT_SECURE_NO_WARNINGS. See online help for details.
j:\programming\college\game mod\quake2\quake2-full\ctf\g_ctf.c(2373): warning C4996: 'strcpy': This function or variable may be unsafe. Consider using strcpy_s instead. To disable deprecation, use _CRT_SECURE_NO_WARNINGS. See online help for details.
j:\programming\college\game mod\quake2\quake2-full\ctf\g_ctf.c(2378): warning C4996: 'strcat': This function or variable may be unsafe. Consider using strcat_s instead. To disable deprecation, use _CRT_SECURE_NO_WARNINGS. See online help for details.
j:\programming\college\game mod\quake2\quake2-full\ctf\g_ctf.c(2379): warning C4996: 'strcat': This function or variable may be unsafe. Consider using strcat_s instead. To disable deprecation, use _CRT_SECURE_NO_WARNINGS. See online help for details.
j:\programming\college\game mod\quake2\quake2-full\ctf\g_ctf.c(2381): warning C4996: 'strcpy': This function or variable may be unsafe. Consider using strcpy_s instead. To disable deprecation, use _CRT_SECURE_NO_WARNINGS. See online help for details.
j:\programming\college\game mod\quake2\quake2-full\ctf\g_ctf.c(2383): warning C4996: 'strcpy': This function or variable may be unsafe. Consider using strcpy_s instead. To disable deprecation, use _CRT_SECURE_NO_WARNINGS. See online help for details.
j:\programming\college\game mod\quake2\quake2-full\ctf\g_ctf.c(2410): warning C4996: 'strcpy': This function or variable may be unsafe. Consider using strcpy_s instead. To disable deprecation, use _CRT_SECURE_NO_WARNINGS. See online help for details.
j:\programming\college\game mod\quake2\quake2-full\ctf\g_ctf.c(2416): warning C4996: 'strcpy': This function or variable may be unsafe. Consider using strcpy_s instead. To disable deprecation, use _CRT_SECURE_NO_WARNINGS. See online help for details.
j:\programming\college\game mod\quake2\quake2-full\ctf\g_ctf.c(2422): warning C4996: 'strcpy': This function or variable may be unsafe. Consider using strcpy_s instead. To disable deprecation, use _CRT_SECURE_NO_WARNINGS. See online help for details.
j:\programming\college\game mod\quake2\quake2-full\ctf\g_ctf.c(2428): warning C4996: 'strcpy': This function or variable may be unsafe. Consider using strcpy_s instead. To disable deprecation, use _CRT_SECURE_NO_WARNINGS. See online help for details.
j:\programming\college\game mod\quake2\quake2-full\ctf\g_ctf.c(2434): warning C4996: 'strcpy': This function or variable may be unsafe. Consider using strcpy_s instead. To disable deprecation, use _CRT_SECURE_NO_WARNINGS. See online help for details.
j:\programming\college\game mod\quake2\quake2-full\ctf\g_ctf.c(2441): warning C4996: 'strcpy': This function or variable may be unsafe. Consider using strcpy_s instead. To disable deprecation, use _CRT_SECURE_NO_WARNINGS. See online help for details.
j:\programming\college\game mod\quake2\quake2-full\ctf\g_ctf.c(2516): warning C4996: 'strncpy': This function or variable may be unsafe. Consider using strncpy_s instead. To disable deprecation, use _CRT_SECURE_NO_WARNINGS. See online help for details.
  c:\program files (x86)\windows kits\10\include\10.0.10240.0\ucrt\string.h(340): note: see declaration of 'strncpy'
j:\programming\college\game mod\quake2\quake2-full\ctf\g_ctf.c(2518): warning C4996: 'strncpy': This function or variable may be unsafe. Consider using strncpy_s instead. To disable deprecation, use _CRT_SECURE_NO_WARNINGS. See online help for details.
  c:\program files (x86)\windows kits\10\include\10.0.10240.0\ucrt\string.h(340): note: see declaration of 'strncpy'
j:\programming\college\game mod\quake2\quake2-full\ctf\g_ctf.c(2565): warning C4996: 'strncpy': This function or variable may be unsafe. Consider using strncpy_s instead. To disable deprecation, use _CRT_SECURE_NO_WARNINGS. See online help for details.
  c:\program files (x86)\windows kits\10\include\10.0.10240.0\ucrt\string.h(340): note: see declaration of 'strncpy'
j:\programming\college\game mod\quake2\quake2-full\ctf\g_ctf.c(2640): warning C4996: 'strcpy': This function or variable may be unsafe. Consider using strcpy_s instead. To disable deprecation, use _CRT_SECURE_NO_WARNINGS. See online help for details.
j:\programming\college\game mod\quake2\quake2-full\ctf\g_ctf.c(2652): warning C4189: 'ghost': local variable is initialized but not referenced
j:\programming\college\game mod\quake2\quake2-full\ctf\g_ctf.c(2752): warning C4996: 'strncpy': This function or variable may be unsafe. Consider using strncpy_s instead. To disable deprecation, use _CRT_SECURE_NO_WARNINGS. See online help for details.
  c:\program files (x86)\windows kits\10\include\10.0.10240.0\ucrt\string.h(340): note: see declaration of 'strncpy'
j:\programming\college\game mod\quake2\quake2-full\ctf\g_ctf.c(3040): warning C4100: 'p': unreferenced formal parameter
j:\programming\college\game mod\quake2\quake2-full\ctf\g_ctf.c(3045): warning C4100: 'p': unreferenced formal parameter
j:\programming\college\game mod\quake2\quake2-full\ctf\g_ctf.c(3050): warning C4100: 'p': unreferenced formal parameter
j:\programming\college\game mod\quake2\quake2-full\ctf\g_ctf.c(3077): warning C4100: 'p': unreferenced formal parameter
j:\programming\college\game mod\quake2\quake2-full\ctf\g_ctf.c(3089): warning C4996: 'sprintf': This function or variable may be unsafe. Consider using sprintf_s instead. To disable deprecation, use _CRT_SECURE_NO_WARNINGS. See online help for details.
  c:\program files (x86)\windows kits\10\include\10.0.10240.0\ucrt\stdio.h(1769): note: see declaration of 'sprintf'
j:\programming\college\game mod\quake2\quake2-full\ctf\g_ctf.c(3083): warning C4100: 'p': unreferenced formal parameter
j:\programming\college\game mod\quake2\quake2-full\ctf\g_ctf.c(3096): warning C4100: 'p': unreferenced formal parameter
j:\programming\college\game mod\quake2\quake2-full\ctf\g_ctf.c(3129): warning C4996: 'stricmp': The POSIX name for this item is deprecated. Instead, use the ISO C and C++ conformant name: _stricmp. See online help for details.
  c:\program files (x86)\windows kits\10\include\10.0.10240.0\ucrt\string.h(568): note: see declaration of 'stricmp'
j:\programming\college\game mod\quake2\quake2-full\ctf\g_ctf.c(3132): warning C4996: 'stricmp': The POSIX name for this item is deprecated. Instead, use the ISO C and C++ conformant name: _stricmp. See online help for details.
  c:\program files (x86)\windows kits\10\include\10.0.10240.0\ucrt\string.h(568): note: see declaration of 'stricmp'
j:\programming\college\game mod\quake2\quake2-full\ctf\g_ctf.c(3155): warning C4996: 'sprintf': This function or variable may be unsafe. Consider using sprintf_s instead. To disable deprecation, use _CRT_SECURE_NO_WARNINGS. See online help for details.
  c:\program files (x86)\windows kits\10\include\10.0.10240.0\ucrt\stdio.h(1769): note: see declaration of 'sprintf'
j:\programming\college\game mod\quake2\quake2-full\ctf\g_ctf.c(3156): warning C4996: 'sprintf': This function or variable may be unsafe. Consider using sprintf_s instead. To disable deprecation, use _CRT_SECURE_NO_WARNINGS. See online help for details.
  c:\program files (x86)\windows kits\10\include\10.0.10240.0\ucrt\stdio.h(1769): note: see declaration of 'sprintf'
j:\programming\college\game mod\quake2\quake2-full\ctf\g_ctf.c(3213): warning C4100: 'p': unreferenced formal parameter
j:\programming\college\game mod\quake2\quake2-full\ctf\g_ctf.c(3326): warning C4996: 'sprintf': This function or variable may be unsafe. Consider using sprintf_s instead. To disable deprecation, use _CRT_SECURE_NO_WARNINGS. See online help for details.
  c:\program files (x86)\windows kits\10\include\10.0.10240.0\ucrt\stdio.h(1769): note: see declaration of 'sprintf'
j:\programming\college\game mod\quake2\quake2-full\ctf\g_ctf.c(3329): warning C4996: 'sprintf': This function or variable may be unsafe. Consider using sprintf_s instead. To disable deprecation, use _CRT_SECURE_NO_WARNINGS. See online help for details.
  c:\program files (x86)\windows kits\10\include\10.0.10240.0\ucrt\stdio.h(1769): note: see declaration of 'sprintf'
j:\programming\college\game mod\quake2\quake2-full\ctf\g_ctf.c(3336): warning C4996: 'sprintf': This function or variable may be unsafe. Consider using sprintf_s instead. To disable deprecation, use _CRT_SECURE_NO_WARNINGS. See online help for details.
  c:\program files (x86)\windows kits\10\include\10.0.10240.0\ucrt\stdio.h(1769): note: see declaration of 'sprintf'
j:\programming\college\game mod\quake2\quake2-full\ctf\g_ctf.c(3342): warning C4996: 'sprintf': This function or variable may be unsafe. Consider using sprintf_s instead. To disable deprecation, use _CRT_SECURE_NO_WARNINGS. See online help for details.
  c:\program files (x86)\windows kits\10\include\10.0.10240.0\ucrt\stdio.h(1769): note: see declaration of 'sprintf'
j:\programming\college\game mod\quake2\quake2-full\ctf\g_ctf.c(3363): warning C4100: 'surf': unreferenced formal parameter
j:\programming\college\game mod\quake2\quake2-full\ctf\g_ctf.c(3363): warning C4100: 'plane': unreferenced formal parameter
j:\programming\college\game mod\quake2\quake2-full\ctf\g_ctf.c(3481): warning C4459: declaration of 'st' hides global declaration
  j:\programming\college\game mod\quake2\quake2-full\ctf\g_local.h(464): note: see declaration of 'st'
j:\programming\college\game mod\quake2\quake2-full\ctf\g_ctf.c(3491): warning C4996: 'sprintf': This function or variable may be unsafe. Consider using sprintf_s instead. To disable deprecation, use _CRT_SECURE_NO_WARNINGS. See online help for details.
  c:\program files (x86)\windows kits\10\include\10.0.10240.0\ucrt\stdio.h(1769): note: see declaration of 'sprintf'
j:\programming\college\game mod\quake2\quake2-full\ctf\g_ctf.c(3502): warning C4996: 'sprintf': This function or variable may be unsafe. Consider using sprintf_s instead. To disable deprecation, use _CRT_SECURE_NO_WARNINGS. See online help for details.
  c:\program files (x86)\windows kits\10\include\10.0.10240.0\ucrt\stdio.h(1769): note: see declaration of 'sprintf'
j:\programming\college\game mod\quake2\quake2-full\ctf\g_ctf.c(3513): warning C4996: 'sprintf': This function or variable may be unsafe. Consider using sprintf_s instead. To disable deprecation, use _CRT_SECURE_NO_WARNINGS. See online help for details.
  c:\program files (x86)\windows kits\10\include\10.0.10240.0\ucrt\stdio.h(1769): note: see declaration of 'sprintf'
j:\programming\college\game mod\quake2\quake2-full\ctf\g_ctf.c(3525): warning C4996: 'sprintf': This function or variable may be unsafe. Consider using sprintf_s instead. To disable deprecation, use _CRT_SECURE_NO_WARNINGS. See online help for details.
  c:\program files (x86)\windows kits\10\include\10.0.10240.0\ucrt\stdio.h(1769): note: see declaration of 'sprintf'
j:\programming\college\game mod\quake2\quake2-full\ctf\g_ctf.c(3537): warning C4996: 'sprintf': This function or variable may be unsafe. Consider using sprintf_s instead. To disable deprecation, use _CRT_SECURE_NO_WARNINGS. See online help for details.
  c:\program files (x86)\windows kits\10\include\10.0.10240.0\ucrt\stdio.h(1769): note: see declaration of 'sprintf'
j:\programming\college\game mod\quake2\quake2-full\ctf\g_ctf.c(3549): warning C4996: 'sprintf': This function or variable may be unsafe. Consider using sprintf_s instead. To disable deprecation, use _CRT_SECURE_NO_WARNINGS. See online help for details.
  c:\program files (x86)\windows kits\10\include\10.0.10240.0\ucrt\stdio.h(1769): note: see declaration of 'sprintf'
j:\programming\college\game mod\quake2\quake2-full\ctf\g_ctf.c(3556): warning C4996: 'sprintf': This function or variable may be unsafe. Consider using sprintf_s instead. To disable deprecation, use _CRT_SECURE_NO_WARNINGS. See online help for details.
  c:\program files (x86)\windows kits\10\include\10.0.10240.0\ucrt\stdio.h(1769): note: see declaration of 'sprintf'
j:\programming\college\game mod\quake2\quake2-full\ctf\g_ctf.c(3563): warning C4996: 'sprintf': This function or variable may be unsafe. Consider using sprintf_s instead. To disable deprecation, use _CRT_SECURE_NO_WARNINGS. See online help for details.
  c:\program files (x86)\windows kits\10\include\10.0.10240.0\ucrt\stdio.h(1769): note: see declaration of 'sprintf'
j:\programming\college\game mod\quake2\quake2-full\ctf\g_ctf.c(3573): warning C4189: 'settings': local variable is initialized but not referenced
j:\programming\college\game mod\quake2\quake2-full\ctf\g_ctf.c(3658): warning C4996: 'sprintf': This function or variable may be unsafe. Consider using sprintf_s instead. To disable deprecation, use _CRT_SECURE_NO_WARNINGS. See online help for details.
  c:\program files (x86)\windows kits\10\include\10.0.10240.0\ucrt\stdio.h(1769): note: see declaration of 'sprintf'
j:\programming\college\game mod\quake2\quake2-full\ctf\g_ctf.c(3662): warning C4996: 'sprintf': This function or variable may be unsafe. Consider using sprintf_s instead. To disable deprecation, use _CRT_SECURE_NO_WARNINGS. See online help for details.
  c:\program files (x86)\windows kits\10\include\10.0.10240.0\ucrt\stdio.h(1769): note: see declaration of 'sprintf'
j:\programming\college\game mod\quake2\quake2-full\ctf\g_ctf.c(3666): warning C4996: 'sprintf': This function or variable may be unsafe. Consider using sprintf_s instead. To disable deprecation, use _CRT_SECURE_NO_WARNINGS. See online help for details.
  c:\program files (x86)\windows kits\10\include\10.0.10240.0\ucrt\stdio.h(1769): note: see declaration of 'sprintf'
j:\programming\college\game mod\quake2\quake2-full\ctf\g_ctf.c(3670): warning C4996: 'sprintf': This function or variable may be unsafe. Consider using sprintf_s instead. To disable deprecation, use _CRT_SECURE_NO_WARNINGS. See online help for details.
  c:\program files (x86)\windows kits\10\include\10.0.10240.0\ucrt\stdio.h(1769): note: see declaration of 'sprintf'
j:\programming\college\game mod\quake2\quake2-full\ctf\g_ctf.c(3674): warning C4996: 'sprintf': This function or variable may be unsafe. Consider using sprintf_s instead. To disable deprecation, use _CRT_SECURE_NO_WARNINGS. See online help for details.
  c:\program files (x86)\windows kits\10\include\10.0.10240.0\ucrt\stdio.h(1769): note: see declaration of 'sprintf'
j:\programming\college\game mod\quake2\quake2-full\ctf\g_ctf.c(3678): warning C4996: 'sprintf': This function or variable may be unsafe. Consider using sprintf_s instead. To disable deprecation, use _CRT_SECURE_NO_WARNINGS. See online help for details.
  c:\program files (x86)\windows kits\10\include\10.0.10240.0\ucrt\stdio.h(1769): note: see declaration of 'sprintf'
j:\programming\college\game mod\quake2\quake2-full\ctf\g_ctf.c(3682): warning C4996: 'sprintf': This function or variable may be unsafe. Consider using sprintf_s instead. To disable deprecation, use _CRT_SECURE_NO_WARNINGS. See online help for details.
  c:\program files (x86)\windows kits\10\include\10.0.10240.0\ucrt\stdio.h(1769): note: see declaration of 'sprintf'
j:\programming\college\game mod\quake2\quake2-full\ctf\g_ctf.c(3686): warning C4996: 'sprintf': This function or variable may be unsafe. Consider using sprintf_s instead. To disable deprecation, use _CRT_SECURE_NO_WARNINGS. See online help for details.
  c:\program files (x86)\windows kits\10\include\10.0.10240.0\ucrt\stdio.h(1769): note: see declaration of 'sprintf'
j:\programming\college\game mod\quake2\quake2-full\ctf\g_ctf.c(3709): warning C4100: 'p': unreferenced formal parameter
j:\programming\college\game mod\quake2\quake2-full\ctf\g_ctf.c(3731): warning C4100: 'p': unreferenced formal parameter
j:\programming\college\game mod\quake2\quake2-full\ctf\g_ctf.c(3747): warning C4100: 'p': unreferenced formal parameter
j:\programming\college\game mod\quake2\quake2-full\ctf\g_ctf.c(3759): warning C4100: 'p': unreferenced formal parameter
j:\programming\college\game mod\quake2\quake2-full\ctf\g_ctf.c(3808): warning C4996: 'sprintf': This function or variable may be unsafe. Consider using sprintf_s instead. To disable deprecation, use _CRT_SECURE_NO_WARNINGS. See online help for details.
  c:\program files (x86)\windows kits\10\include\10.0.10240.0\ucrt\stdio.h(1769): note: see declaration of 'sprintf'
j:\programming\college\game mod\quake2\quake2-full\ctf\g_ctf.c(3826): warning C4459: declaration of 'st' hides global declaration
  j:\programming\college\game mod\quake2\quake2-full\ctf\g_local.h(464): note: see declaration of 'st'
j:\programming\college\game mod\quake2\quake2-full\ctf\g_ctf.c(3839): warning C4996: 'strcat': This function or variable may be unsafe. Consider using strcat_s instead. To disable deprecation, use _CRT_SECURE_NO_WARNINGS. See online help for details.
j:\programming\college\game mod\quake2\quake2-full\ctf\g_ctf.c(3855): warning C4996: 'strcat': This function or variable may be unsafe. Consider using strcat_s instead. To disable deprecation, use _CRT_SECURE_NO_WARNINGS. See online help for details.
j:\programming\college\game mod\quake2\quake2-full\ctf\g_ctf.c(3879): warning C4996: 'strcat': This function or variable may be unsafe. Consider using strcat_s instead. To disable deprecation, use _CRT_SECURE_NO_WARNINGS. See online help for details.
j:\programming\college\game mod\quake2\quake2-full\ctf\g_ctf.c(3837): warning C4996: 'sprintf': This function or variable may be unsafe. Consider using sprintf_s instead. To disable deprecation, use _CRT_SECURE_NO_WARNINGS. See online help for details.
  c:\program files (x86)\windows kits\10\include\10.0.10240.0\ucrt\stdio.h(1769): note: see declaration of 'sprintf'
j:\programming\college\game mod\quake2\quake2-full\ctf\g_ctf.c(3865): warning C4996: 'sprintf': This function or variable may be unsafe. Consider using sprintf_s instead. To disable deprecation, use _CRT_SECURE_NO_WARNINGS. See online help for details.
  c:\program files (x86)\windows kits\10\include\10.0.10240.0\ucrt\stdio.h(1769): note: see declaration of 'sprintf'
j:\programming\college\game mod\quake2\quake2-full\ctf\g_ctf.c(3875): warning C4996: 'sprintf': This function or variable may be unsafe. Consider using sprintf_s instead. To disable deprecation, use _CRT_SECURE_NO_WARNINGS. See online help for details.
  c:\program files (x86)\windows kits\10\include\10.0.10240.0\ucrt\stdio.h(1769): note: see declaration of 'sprintf'
j:\programming\college\game mod\quake2\quake2-full\ctf\g_ctf.c(3887): warning C4459: declaration of 'st' hides global declaration
  j:\programming\college\game mod\quake2\quake2-full\ctf\g_local.h(464): note: see declaration of 'st'
j:\programming\college\game mod\quake2\quake2-full\ctf\g_ctf.c(3900): warning C4996: 'strcat': This function or variable may be unsafe. Consider using strcat_s instead. To disable deprecation, use _CRT_SECURE_NO_WARNINGS. See online help for details.
j:\programming\college\game mod\quake2\quake2-full\ctf\g_ctf.c(3927): warning C4996: 'strcat': This function or variable may be unsafe. Consider using strcat_s instead. To disable deprecation, use _CRT_SECURE_NO_WARNINGS. See online help for details.
j:\programming\college\game mod\quake2\quake2-full\ctf\g_ctf.c(3898): warning C4996: 'sprintf': This function or variable may be unsafe. Consider using sprintf_s instead. To disable deprecation, use _CRT_SECURE_NO_WARNINGS. See online help for details.
  c:\program files (x86)\windows kits\10\include\10.0.10240.0\ucrt\stdio.h(1769): note: see declaration of 'sprintf'
j:\programming\college\game mod\quake2\quake2-full\ctf\g_ctf.c(3912): warning C4996: 'sprintf': This function or variable may be unsafe. Consider using sprintf_s instead. To disable deprecation, use _CRT_SECURE_NO_WARNINGS. See online help for details.
  c:\program files (x86)\windows kits\10\include\10.0.10240.0\ucrt\stdio.h(1769): note: see declaration of 'sprintf'
j:\programming\college\game mod\quake2\quake2-full\ctf\g_ctf.c(3923): warning C4996: 'sprintf': This function or variable may be unsafe. Consider using sprintf_s instead. To disable deprecation, use _CRT_SECURE_NO_WARNINGS. See online help for details.
  c:\program files (x86)\windows kits\10\include\10.0.10240.0\ucrt\stdio.h(1769): note: see declaration of 'sprintf'
j:\programming\college\game mod\quake2\quake2-full\ctf\g_ctf.c(3945): warning C4996: 'strdup': The POSIX name for this item is deprecated. Instead, use the ISO C and C++ conformant name: _strdup. See online help for details.
  c:\program files (x86)\windows kits\10\include\10.0.10240.0\ucrt\string.h(552): note: see declaration of 'strdup'
j:\programming\college\game mod\quake2\quake2-full\ctf\g_ctf.c(3947): warning C4996: 'strtok': This function or variable may be unsafe. Consider using strtok_s instead. To disable deprecation, use _CRT_SECURE_NO_WARNINGS. See online help for details.
  c:\program files (x86)\windows kits\10\include\10.0.10240.0\ucrt\string.h(453): note: see declaration of 'strtok'
j:\programming\college\game mod\quake2\quake2-full\ctf\g_ctf.c(3951): warning C4996: 'strtok': This function or variable may be unsafe. Consider using strtok_s instead. To disable deprecation, use _CRT_SECURE_NO_WARNINGS. See online help for details.
  c:\program files (x86)\windows kits\10\include\10.0.10240.0\ucrt\string.h(453): note: see declaration of 'strtok'
j:\programming\college\game mod\quake2\quake2-full\ctf\g_ctf.c(3967): warning C4996: 'strncpy': This function or variable may be unsafe. Consider using strncpy_s instead. To disable deprecation, use _CRT_SECURE_NO_WARNINGS. See online help for details.
  c:\program files (x86)\windows kits\10\include\10.0.10240.0\ucrt\string.h(340): note: see declaration of 'strncpy'
j:\programming\college\game mod\quake2\quake2-full\ctf\g_ctf.c(3972): warning C4996: 'sprintf': This function or variable may be unsafe. Consider using sprintf_s instead. To disable deprecation, use _CRT_SECURE_NO_WARNINGS. See online help for details.
  c:\program files (x86)\windows kits\10\include\10.0.10240.0\ucrt\stdio.h(1769): note: see declaration of 'sprintf'
j:\programming\college\game mod\quake2\quake2-full\ctf\g_ctf.c(3975): warning C4996: 'strncpy': This function or variable may be unsafe. Consider using strncpy_s instead. To disable deprecation, use _CRT_SECURE_NO_WARNINGS. See online help for details.
  c:\program files (x86)\windows kits\10\include\10.0.10240.0\ucrt\string.h(340): note: see declaration of 'strncpy'
j:\programming\college\game mod\quake2\quake2-full\ctf\g_ctf.c(4011): warning C4996: 'sprintf': This function or variable may be unsafe. Consider using sprintf_s instead. To disable deprecation, use _CRT_SECURE_NO_WARNINGS. See online help for details.
  c:\program files (x86)\windows kits\10\include\10.0.10240.0\ucrt\stdio.h(1769): note: see declaration of 'sprintf'
  g_func.c
j:\programming\college\game mod\quake2\quake2-full\ctf\g_func.c(428): warning C4100: 'activator': unreferenced formal parameter
j:\programming\college\game mod\quake2\quake2-full\ctf\g_func.c(428): warning C4100: 'other': unreferenced formal parameter
j:\programming\college\game mod\quake2\quake2-full\ctf\g_func.c(436): warning C4100: 'surf': unreferenced formal parameter
j:\programming\college\game mod\quake2\quake2-full\ctf\g_func.c(436): warning C4100: 'plane': unreferenced formal parameter
j:\programming\college\game mod\quake2\quake2-full\ctf\g_func.c(600): warning C4100: 'surf': unreferenced formal parameter
j:\programming\college\game mod\quake2\quake2-full\ctf\g_func.c(600): warning C4100: 'plane': unreferenced formal parameter
j:\programming\college\game mod\quake2\quake2-full\ctf\g_func.c(606): warning C4100: 'activator': unreferenced formal parameter
j:\programming\college\game mod\quake2\quake2-full\ctf\g_func.c(606): warning C4100: 'other': unreferenced formal parameter
j:\programming\college\game mod\quake2\quake2-full\ctf\g_func.c(737): warning C4100: 'other': unreferenced formal parameter
j:\programming\college\game mod\quake2\quake2-full\ctf\g_func.c(743): warning C4100: 'surf': unreferenced formal parameter
j:\programming\college\game mod\quake2\quake2-full\ctf\g_func.c(743): warning C4100: 'plane': unreferenced formal parameter
j:\programming\college\game mod\quake2\quake2-full\ctf\g_func.c(755): warning C4100: 'point': unreferenced formal parameter
j:\programming\college\game mod\quake2\quake2-full\ctf\g_func.c(755): warning C4100: 'damage': unreferenced formal parameter
j:\programming\college\game mod\quake2\quake2-full\ctf\g_func.c(755): warning C4100: 'inflictor': unreferenced formal parameter
j:\programming\college\game mod\quake2\quake2-full\ctf\g_func.c(949): warning C4100: 'other': unreferenced formal parameter
j:\programming\college\game mod\quake2\quake2-full\ctf\g_func.c(980): warning C4100: 'surf': unreferenced formal parameter
j:\programming\college\game mod\quake2\quake2-full\ctf\g_func.c(980): warning C4100: 'plane': unreferenced formal parameter
j:\programming\college\game mod\quake2\quake2-full\ctf\g_func.c(1113): warning C4100: 'point': unreferenced formal parameter
j:\programming\college\game mod\quake2\quake2-full\ctf\g_func.c(1113): warning C4100: 'damage': unreferenced formal parameter
j:\programming\college\game mod\quake2\quake2-full\ctf\g_func.c(1113): warning C4100: 'inflictor': unreferenced formal parameter
j:\programming\college\game mod\quake2\quake2-full\ctf\g_func.c(1125): warning C4100: 'surf': unreferenced formal parameter
j:\programming\college\game mod\quake2\quake2-full\ctf\g_func.c(1125): warning C4100: 'plane': unreferenced formal parameter
j:\programming\college\game mod\quake2\quake2-full\ctf\g_func.c(1632): warning C4100: 'other': unreferenced formal parameter
j:\programming\college\game mod\quake2\quake2-full\ctf\g_func.c(1698): warning C4100: 'activator': unreferenced formal parameter
j:\programming\college\game mod\quake2\quake2-full\ctf\g_func.c(1776): warning C4100: 'other': unreferenced formal parameter
j:\programming\college\game mod\quake2\quake2-full\ctf\g_func.c(1824): warning C4100: 'activator': unreferenced formal parameter
j:\programming\college\game mod\quake2\quake2-full\ctf\g_func.c(1824): warning C4100: 'other': unreferenced formal parameter
j:\programming\college\game mod\quake2\quake2-full\ctf\g_func.c(1885): warning C4100: 'activator': unreferenced formal parameter
j:\programming\college\game mod\quake2\quake2-full\ctf\g_func.c(1885): warning C4100: 'other': unreferenced formal parameter
j:\programming\college\game mod\quake2\quake2-full\ctf\g_func.c(1959): warning C4100: 'point': unreferenced formal parameter
j:\programming\college\game mod\quake2\quake2-full\ctf\g_func.c(1959): warning C4100: 'damage': unreferenced formal parameter
j:\programming\college\game mod\quake2\quake2-full\ctf\g_func.c(1959): warning C4100: 'inflictor': unreferenced formal parameter
j:\programming\college\game mod\quake2\quake2-full\ctf\g_func.c(2036): warning C4100: 'activator': unreferenced formal parameter
j:\programming\college\game mod\quake2\quake2-full\ctf\g_func.c(2036): warning C4100: 'other': unreferenced formal parameter
  g_items.c
j:\programming\college\game mod\quake2\quake2-full\ctf\g_items.c(43): warning C4211: nonstandard extension used: redefined extern to static
j:\programming\college\game mod\quake2\quake2-full\ctf\g_items.c(44): warning C4211: nonstandard extension used: redefined extern to static
j:\programming\college\game mod\quake2\quake2-full\ctf\g_items.c(45): warning C4211: nonstandard extension used: redefined extern to static
j:\programming\college\game mod\quake2\quake2-full\ctf\g_items.c(724): warning C4100: 'item': unreferenced formal parameter
j:\programming\college\game mod\quake2\quake2-full\ctf\g_items.c(780): warning C4100: 'surf': unreferenced formal parameter
j:\programming\college\game mod\quake2\quake2-full\ctf\g_items.c(780): warning C4100: 'plane': unreferenced formal parameter
j:\programming\college\game mod\quake2\quake2-full\ctf\g_items.c(914): warning C4100: 'activator': unreferenced formal parameter
j:\programming\college\game mod\quake2\quake2-full\ctf\g_items.c(914): warning C4100: 'other': unreferenced formal parameter
  g_main.c
j:\programming\college\game mod\quake2\quake2-full\ctf\g_main.c(148): warning C4996: 'vsprintf': This function or variable may be unsafe. Consider using vsprintf_s instead. To disable deprecation, use _CRT_SECURE_NO_WARNINGS. See online help for details.
  c:\program files (x86)\windows kits\10\include\10.0.10240.0\ucrt\stdio.h(1465): note: see declaration of 'vsprintf'
j:\programming\college\game mod\quake2\quake2-full\ctf\g_main.c(160): warning C4996: 'vsprintf': This function or variable may be unsafe. Consider using vsprintf_s instead. To disable deprecation, use _CRT_SECURE_NO_WARNINGS. See online help for details.
  c:\program files (x86)\windows kits\10\include\10.0.10240.0\ucrt\stdio.h(1465): note: see declaration of 'vsprintf'
j:\programming\college\game mod\quake2\quake2-full\ctf\g_main.c(238): warning C4996: 'strdup': The POSIX name for this item is deprecated. Instead, use the ISO C and C++ conformant name: _strdup. See online help for details.
  c:\program files (x86)\windows kits\10\include\10.0.10240.0\ucrt\string.h(552): note: see declaration of 'strdup'
j:\programming\college\game mod\quake2\quake2-full\ctf\g_main.c(240): warning C4996: 'strtok': This function or variable may be unsafe. Consider using strtok_s instead. To disable deprecation, use _CRT_SECURE_NO_WARNINGS. See online help for details.
  c:\program files (x86)\windows kits\10\include\10.0.10240.0\ucrt\string.h(453): note: see declaration of 'strtok'
j:\programming\college\game mod\quake2\quake2-full\ctf\g_main.c(244): warning C4996: 'strtok': This function or variable may be unsafe. Consider using strtok_s instead. To disable deprecation, use _CRT_SECURE_NO_WARNINGS. See online help for details.
  c:\program files (x86)\windows kits\10\include\10.0.10240.0\ucrt\string.h(453): note: see declaration of 'strtok'
j:\programming\college\game mod\quake2\quake2-full\ctf\g_main.c(257): warning C4996: 'strtok': This function or variable may be unsafe. Consider using strtok_s instead. To disable deprecation, use _CRT_SECURE_NO_WARNINGS. See online help for details.
  c:\program files (x86)\windows kits\10\include\10.0.10240.0\ucrt\string.h(453): note: see declaration of 'strtok'
  g_misc.c
j:\programming\college\game mod\quake2\quake2-full\ctf\g_misc.c(31): warning C4100: 'activator': unreferenced formal parameter
j:\programming\college\game mod\quake2\quake2-full\ctf\g_misc.c(31): warning C4100: 'other': unreferenced formal parameter
j:\programming\college\game mod\quake2\quake2-full\ctf\g_misc.c(104): warning C4100: 'surf': unreferenced formal parameter
j:\programming\college\game mod\quake2\quake2-full\ctf\g_misc.c(104): warning C4100: 'other': unreferenced formal parameter
j:\programming\college\game mod\quake2\quake2-full\ctf\g_misc.c(130): warning C4100: 'point': unreferenced formal parameter
j:\programming\college\game mod\quake2\quake2-full\ctf\g_misc.c(130): warning C4100: 'damage': unreferenced formal parameter
j:\programming\college\game mod\quake2\quake2-full\ctf\g_misc.c(130): warning C4100: 'attacker': unreferenced formal parameter
j:\programming\college\game mod\quake2\quake2-full\ctf\g_misc.c(130): warning C4100: 'inflictor': unreferenced formal parameter
j:\programming\college\game mod\quake2\quake2-full\ctf\g_misc.c(276): warning C4100: 'point': unreferenced formal parameter
j:\programming\college\game mod\quake2\quake2-full\ctf\g_misc.c(276): warning C4100: 'damage': unreferenced formal parameter
j:\programming\college\game mod\quake2\quake2-full\ctf\g_misc.c(276): warning C4100: 'attacker': unreferenced formal parameter
j:\programming\college\game mod\quake2\quake2-full\ctf\g_misc.c(276): warning C4100: 'inflictor': unreferenced formal parameter
j:\programming\college\game mod\quake2\quake2-full\ctf\g_misc.c(358): warning C4100: 'surf': unreferenced formal parameter
j:\programming\college\game mod\quake2\quake2-full\ctf\g_misc.c(358): warning C4100: 'plane': unreferenced formal parameter
j:\programming\college\game mod\quake2\quake2-full\ctf\g_misc.c(437): warning C4100: 'surf': unreferenced formal parameter
j:\programming\college\game mod\quake2\quake2-full\ctf\g_misc.c(437): warning C4100: 'plane': unreferenced formal parameter
j:\programming\college\game mod\quake2\quake2-full\ctf\g_misc.c(574): warning C4100: 'activator': unreferenced formal parameter
j:\programming\college\game mod\quake2\quake2-full\ctf\g_misc.c(574): warning C4100: 'other': unreferenced formal parameter
j:\programming\college\game mod\quake2\quake2-full\ctf\g_misc.c(622): warning C4100: 'activator': unreferenced formal parameter
j:\programming\college\game mod\quake2\quake2-full\ctf\g_misc.c(622): warning C4100: 'other': unreferenced formal parameter
j:\programming\college\game mod\quake2\quake2-full\ctf\g_misc.c(694): warning C4100: 'surf': unreferenced formal parameter
j:\programming\college\game mod\quake2\quake2-full\ctf\g_misc.c(712): warning C4100: 'activator': unreferenced formal parameter
j:\programming\college\game mod\quake2\quake2-full\ctf\g_misc.c(712): warning C4100: 'other': unreferenced formal parameter
j:\programming\college\game mod\quake2\quake2-full\ctf\g_misc.c(774): warning C4100: 'point': unreferenced formal parameter
j:\programming\college\game mod\quake2\quake2-full\ctf\g_misc.c(774): warning C4100: 'damage': unreferenced formal parameter
j:\programming\college\game mod\quake2\quake2-full\ctf\g_misc.c(838): warning C4100: 'activator': unreferenced formal parameter
j:\programming\college\game mod\quake2\quake2-full\ctf\g_misc.c(843): warning C4100: 'activator': unreferenced formal parameter
j:\programming\college\game mod\quake2\quake2-full\ctf\g_misc.c(843): warning C4100: 'other': unreferenced formal parameter
j:\programming\college\game mod\quake2\quake2-full\ctf\g_misc.c(902): warning C4100: 'surf': unreferenced formal parameter
j:\programming\college\game mod\quake2\quake2-full\ctf\g_misc.c(902): warning C4100: 'plane': unreferenced formal parameter
j:\programming\college\game mod\quake2\quake2-full\ctf\g_misc.c(995): warning C4100: 'point': unreferenced formal parameter
j:\programming\college\game mod\quake2\quake2-full\ctf\g_misc.c(995): warning C4100: 'damage': unreferenced formal parameter
j:\programming\college\game mod\quake2\quake2-full\ctf\g_misc.c(995): warning C4100: 'inflictor': unreferenced formal parameter
j:\programming\college\game mod\quake2\quake2-full\ctf\g_misc.c(1050): warning C4100: 'activator': unreferenced formal parameter
j:\programming\college\game mod\quake2\quake2-full\ctf\g_misc.c(1050): warning C4100: 'other': unreferenced formal parameter
j:\programming\college\game mod\quake2\quake2-full\ctf\g_misc.c(1186): warning C4100: 'activator': unreferenced formal parameter
j:\programming\college\game mod\quake2\quake2-full\ctf\g_misc.c(1186): warning C4100: 'other': unreferenced formal parameter
j:\programming\college\game mod\quake2\quake2-full\ctf\g_misc.c(1246): warning C4100: 'point': unreferenced formal parameter
j:\programming\college\game mod\quake2\quake2-full\ctf\g_misc.c(1246): warning C4100: 'attacker': unreferenced formal parameter
j:\programming\college\game mod\quake2\quake2-full\ctf\g_misc.c(1246): warning C4100: 'inflictor': unreferenced formal parameter
j:\programming\college\game mod\quake2\quake2-full\ctf\g_misc.c(1359): warning C4100: 'surf': unreferenced formal parameter
j:\programming\college\game mod\quake2\quake2-full\ctf\g_misc.c(1359): warning C4100: 'plane': unreferenced formal parameter
j:\programming\college\game mod\quake2\quake2-full\ctf\g_misc.c(1359): warning C4100: 'other': unreferenced formal parameter
j:\programming\college\game mod\quake2\quake2-full\ctf\g_misc.c(1387): warning C4100: 'other': unreferenced formal parameter
j:\programming\college\game mod\quake2\quake2-full\ctf\g_misc.c(1481): warning C4100: 'activator': unreferenced formal parameter
j:\programming\college\game mod\quake2\quake2-full\ctf\g_misc.c(1481): warning C4100: 'other': unreferenced formal parameter
j:\programming\college\game mod\quake2\quake2-full\ctf\g_misc.c(1606): warning C4100: 'activator': unreferenced formal parameter
j:\programming\college\game mod\quake2\quake2-full\ctf\g_misc.c(1606): warning C4100: 'other': unreferenced formal parameter
j:\programming\college\game mod\quake2\quake2-full\ctf\g_misc.c(1729): warning C4996: 'localtime': This function or variable may be unsafe. Consider using localtime_s instead. To disable deprecation, use _CRT_SECURE_NO_WARNINGS. See online help for details.
  c:\program files (x86)\windows kits\10\include\10.0.10240.0\ucrt\time.h(505): note: see declaration of 'localtime'
j:\programming\college\game mod\quake2\quake2-full\ctf\g_misc.c(1769): warning C4100: 'other': unreferenced formal parameter
j:\programming\college\game mod\quake2\quake2-full\ctf\g_misc.c(1812): warning C4100: 'surf': unreferenced formal parameter
j:\programming\college\game mod\quake2\quake2-full\ctf\g_misc.c(1812): warning C4100: 'plane': unreferenced formal parameter
  g_monster.c
j:\programming\college\game mod\quake2\quake2-full\ctf\g_monster.c(91): warning C4100: 'kick': unreferenced formal parameter
j:\programming\college\game mod\quake2\quake2-full\ctf\g_monster.c(440): warning C4100: 'other': unreferenced formal parameter
j:\programming\college\game mod\quake2\quake2-full\ctf\g_monster.c(483): warning C4100: 'other': unreferenced formal parameter
  g_phys.c
  g_save.c
j:\programming\college\game mod\quake2\quake2-full\ctf\g_save.c(238): warning C4100: 'f': unreferenced formal parameter
j:\programming\college\game mod\quake2\quake2-full\ctf\g_save.c(451): warning C4996: 'strcpy': This function or variable may be unsafe. Consider using strcpy_s instead. To disable deprecation, use _CRT_SECURE_NO_WARNINGS. See online help for details.
j:\programming\college\game mod\quake2\quake2-full\ctf\g_save.c(446): warning C4996: 'fopen': This function or variable may be unsafe. Consider using fopen_s instead. To disable deprecation, use _CRT_SECURE_NO_WARNINGS. See online help for details.
  c:\program files (x86)\windows kits\10\include\10.0.10240.0\ucrt\stdio.h(205): note: see declaration of 'fopen'
j:\programming\college\game mod\quake2\quake2-full\ctf\g_save.c(472): warning C4996: 'fopen': This function or variable may be unsafe. Consider using fopen_s instead. To disable deprecation, use _CRT_SECURE_NO_WARNINGS. See online help for details.
  c:\program files (x86)\windows kits\10\include\10.0.10240.0\ucrt\stdio.h(205): note: see declaration of 'fopen'
j:\programming\college\game mod\quake2\quake2-full\ctf\g_save.c(612): warning C4996: 'fopen': This function or variable may be unsafe. Consider using fopen_s instead. To disable deprecation, use _CRT_SECURE_NO_WARNINGS. See online help for details.
  c:\program files (x86)\windows kits\10\include\10.0.10240.0\ucrt\stdio.h(205): note: see declaration of 'fopen'
j:\programming\college\game mod\quake2\quake2-full\ctf\g_save.c(667): warning C4996: 'fopen': This function or variable may be unsafe. Consider using fopen_s instead. To disable deprecation, use _CRT_SECURE_NO_WARNINGS. See online help for details.
  c:\program files (x86)\windows kits\10\include\10.0.10240.0\ucrt\stdio.h(205): note: see declaration of 'fopen'
  g_spawn.c
j:\programming\college\game mod\quake2\quake2-full\ctf\g_spawn.c(400): warning C4996: 'sscanf': This function or variable may be unsafe. Consider using sscanf_s instead. To disable deprecation, use _CRT_SECURE_NO_WARNINGS. See online help for details.
  c:\program files (x86)\windows kits\10\include\10.0.10240.0\ucrt\stdio.h(2254): note: see declaration of 'sscanf'
j:\programming\college\game mod\quake2\quake2-full\ctf\g_spawn.c(453): warning C4996: 'strncpy': This function or variable may be unsafe. Consider using strncpy_s instead. To disable deprecation, use _CRT_SECURE_NO_WARNINGS. See online help for details.
  c:\program files (x86)\windows kits\10\include\10.0.10240.0\ucrt\string.h(340): note: see declaration of 'strncpy'
j:\programming\college\game mod\quake2\quake2-full\ctf\g_spawn.c(563): warning C4996: 'strncpy': This function or variable may be unsafe. Consider using strncpy_s instead. To disable deprecation, use _CRT_SECURE_NO_WARNINGS. See online help for details.
  c:\program files (x86)\windows kits\10\include\10.0.10240.0\ucrt\string.h(340): note: see declaration of 'strncpy'
j:\programming\college\game mod\quake2\quake2-full\ctf\g_spawn.c(564): warning C4996: 'strncpy': This function or variable may be unsafe. Consider using strncpy_s instead. To disable deprecation, use _CRT_SECURE_NO_WARNINGS. See online help for details.
  c:\program files (x86)\windows kits\10\include\10.0.10240.0\ucrt\string.h(340): note: see declaration of 'strncpy'
j:\programming\college\game mod\quake2\quake2-full\ctf\g_spawn.c(590): warning C4996: 'stricmp': The POSIX name for this item is deprecated. Instead, use the ISO C and C++ conformant name: _stricmp. See online help for details.
  c:\program files (x86)\windows kits\10\include\10.0.10240.0\ucrt\string.h(568): note: see declaration of 'stricmp'
j:\programming\college\game mod\quake2\quake2-full\ctf\g_spawn.c(810): warning C4996: 'strcpy': This function or variable may be unsafe. Consider using strcpy_s instead. To disable deprecation, use _CRT_SECURE_NO_WARNINGS. See online help for details.
j:\programming\college\game mod\quake2\quake2-full\ctf\g_spawn.c(817): warning C4996: 'strncpy': This function or variable may be unsafe. Consider using strncpy_s instead. To disable deprecation, use _CRT_SECURE_NO_WARNINGS. See online help for details.
  c:\program files (x86)\windows kits\10\include\10.0.10240.0\ucrt\string.h(340): note: see declaration of 'strncpy'
j:\programming\college\game mod\quake2\quake2-full\ctf\g_spawn.c(820): warning C4996: 'strncpy': This function or variable may be unsafe. Consider using strncpy_s instead. To disable deprecation, use _CRT_SECURE_NO_WARNINGS. See online help for details.
  c:\program files (x86)\windows kits\10\include\10.0.10240.0\ucrt\string.h(340): note: see declaration of 'strncpy'
  g_svcmds.c
  g_target.c
j:\programming\college\game mod\quake2\quake2-full\ctf\g_target.c(26): warning C4100: 'activator': unreferenced formal parameter
j:\programming\college\game mod\quake2\quake2-full\ctf\g_target.c(26): warning C4100: 'other': unreferenced formal parameter
j:\programming\college\game mod\quake2\quake2-full\ctf\g_target.c(58): warning C4100: 'activator': unreferenced formal parameter
j:\programming\college\game mod\quake2\quake2-full\ctf\g_target.c(58): warning C4100: 'other': unreferenced formal parameter
j:\programming\college\game mod\quake2\quake2-full\ctf\g_target.c(93): warning C4996: 'strncpy': This function or variable may be unsafe. Consider using strncpy_s instead. To disable deprecation, use _CRT_SECURE_NO_WARNINGS. See online help for details.
  c:\program files (x86)\windows kits\10\include\10.0.10240.0\ucrt\string.h(340): note: see declaration of 'strncpy'
j:\programming\college\game mod\quake2\quake2-full\ctf\g_target.c(121): warning C4996: 'strncpy': This function or variable may be unsafe. Consider using strncpy_s instead. To disable deprecation, use _CRT_SECURE_NO_WARNINGS. See online help for details.
  c:\program files (x86)\windows kits\10\include\10.0.10240.0\ucrt\string.h(340): note: see declaration of 'strncpy'
j:\programming\college\game mod\quake2\quake2-full\ctf\g_target.c(123): warning C4996: 'strncpy': This function or variable may be unsafe. Consider using strncpy_s instead. To disable deprecation, use _CRT_SECURE_NO_WARNINGS. See online help for details.
  c:\program files (x86)\windows kits\10\include\10.0.10240.0\ucrt\string.h(340): note: see declaration of 'strncpy'
j:\programming\college\game mod\quake2\quake2-full\ctf\g_target.c(118): warning C4100: 'activator': unreferenced formal parameter
j:\programming\college\game mod\quake2\quake2-full\ctf\g_target.c(118): warning C4100: 'other': unreferenced formal parameter
j:\programming\college\game mod\quake2\quake2-full\ctf\g_target.c(154): warning C4100: 'other': unreferenced formal parameter
j:\programming\college\game mod\quake2\quake2-full\ctf\g_target.c(179): warning C4996: 'stricmp': The POSIX name for this item is deprecated. Instead, use the ISO C and C++ conformant name: _stricmp. See online help for details.
  c:\program files (x86)\windows kits\10\include\10.0.10240.0\ucrt\string.h(568): note: see declaration of 'stricmp'
j:\programming\college\game mod\quake2\quake2-full\ctf\g_target.c(189): warning C4100: 'other': unreferenced formal parameter
j:\programming\college\game mod\quake2\quake2-full\ctf\g_target.c(244): warning C4100: 'other': unreferenced formal parameter
j:\programming\college\game mod\quake2\quake2-full\ctf\g_target.c(312): warning C4996: 'stricmp': The POSIX name for this item is deprecated. Instead, use the ISO C and C++ conformant name: _stricmp. See online help for details.
  c:\program files (x86)\windows kits\10\include\10.0.10240.0\ucrt\string.h(568): note: see declaration of 'stricmp'
j:\programming\college\game mod\quake2\quake2-full\ctf\g_target.c(338): warning C4100: 'other': unreferenced formal parameter
j:\programming\college\game mod\quake2\quake2-full\ctf\g_target.c(380): warning C4100: 'activator': unreferenced formal parameter
j:\programming\college\game mod\quake2\quake2-full\ctf\g_target.c(380): warning C4100: 'other': unreferenced formal parameter
j:\programming\college\game mod\quake2\quake2-full\ctf\g_target.c(416): warning C4100: 'activator': unreferenced formal parameter
j:\programming\college\game mod\quake2\quake2-full\ctf\g_target.c(416): warning C4100: 'other': unreferenced formal parameter
j:\programming\college\game mod\quake2\quake2-full\ctf\g_target.c(451): warning C4100: 'activator': unreferenced formal parameter
j:\programming\college\game mod\quake2\quake2-full\ctf\g_target.c(451): warning C4100: 'other': unreferenced formal parameter
j:\programming\college\game mod\quake2\quake2-full\ctf\g_target.c(576): warning C4100: 'other': unreferenced formal parameter
j:\programming\college\game mod\quake2\quake2-full\ctf\g_target.c(679): warning C4100: 'activator': unreferenced formal parameter
j:\programming\college\game mod\quake2\quake2-full\ctf\g_target.c(679): warning C4100: 'other': unreferenced formal parameter
j:\programming\college\game mod\quake2\quake2-full\ctf\g_target.c(785): warning C4100: 'other': unreferenced formal parameter
  g_trigger.c
j:\programming\college\game mod\quake2\quake2-full\ctf\g_trigger.c(66): warning C4100: 'other': unreferenced formal parameter
j:\programming\college\game mod\quake2\quake2-full\ctf\g_trigger.c(72): warning C4100: 'surf': unreferenced formal parameter
j:\programming\college\game mod\quake2\quake2-full\ctf\g_trigger.c(72): warning C4100: 'plane': unreferenced formal parameter
j:\programming\college\game mod\quake2\quake2-full\ctf\g_trigger.c(111): warning C4100: 'activator': unreferenced formal parameter
j:\programming\college\game mod\quake2\quake2-full\ctf\g_trigger.c(111): warning C4100: 'other': unreferenced formal parameter
j:\programming\college\game mod\quake2\quake2-full\ctf\g_trigger.c(189): warning C4100: 'other': unreferenced formal parameter
j:\programming\college\game mod\quake2\quake2-full\ctf\g_trigger.c(212): warning C4100: 'other': unreferenced formal parameter
j:\programming\college\game mod\quake2\quake2-full\ctf\g_trigger.c(326): warning C4100: 'other': unreferenced formal parameter
j:\programming\college\game mod\quake2\quake2-full\ctf\g_trigger.c(394): warning C4100: 'surf': unreferenced formal parameter
j:\programming\college\game mod\quake2\quake2-full\ctf\g_trigger.c(394): warning C4100: 'plane': unreferenced formal parameter
j:\programming\college\game mod\quake2\quake2-full\ctf\g_trigger.c(455): warning C4100: 'activator': unreferenced formal parameter
j:\programming\college\game mod\quake2\quake2-full\ctf\g_trigger.c(455): warning C4100: 'other': unreferenced formal parameter
j:\programming\college\game mod\quake2\quake2-full\ctf\g_trigger.c(468): warning C4100: 'surf': unreferenced formal parameter
j:\programming\college\game mod\quake2\quake2-full\ctf\g_trigger.c(468): warning C4100: 'plane': unreferenced formal parameter
j:\programming\college\game mod\quake2\quake2-full\ctf\g_trigger.c(532): warning C4100: 'surf': unreferenced formal parameter
j:\programming\college\game mod\quake2\quake2-full\ctf\g_trigger.c(532): warning C4100: 'plane': unreferenced formal parameter
j:\programming\college\game mod\quake2\quake2-full\ctf\g_trigger.c(566): warning C4100: 'surf': unreferenced formal parameter
j:\programming\college\game mod\quake2\quake2-full\ctf\g_trigger.c(566): warning C4100: 'plane': unreferenced formal parameter
  g_utils.c
j:\programming\college\game mod\quake2\quake2-full\ctf\g_utils.c(398): warning C4996: 'strcpy': This function or variable may be unsafe. Consider using strcpy_s instead. To disable deprecation, use _CRT_SECURE_NO_WARNINGS. See online help for details.
  g_weapon.c
j:\programming\college\game mod\quake2\quake2-full\ctf\g_weapon.c(465): warning C4100: 'plane': unreferenced formal parameter
  m_move.c
  p_client.c
j:\programming\college\game mod\quake2\quake2-full\ctf\p_client.c(56): warning C4996: 'stricmp': The POSIX name for this item is deprecated. Instead, use the ISO C and C++ conformant name: _stricmp. See online help for details.
  c:\program files (x86)\windows kits\10\include\10.0.10240.0\ucrt\string.h(568): note: see declaration of 'stricmp'
j:\programming\college\game mod\quake2\quake2-full\ctf\p_client.c(74): warning C4996: 'stricmp': The POSIX name for this item is deprecated. Instead, use the ISO C and C++ conformant name: _stricmp. See online help for details.
  c:\program files (x86)\windows kits\10\include\10.0.10240.0\ucrt\string.h(568): note: see declaration of 'stricmp'
j:\programming\college\game mod\quake2\quake2-full\ctf\p_client.c(70): warning C4100: 'self': unreferenced formal parameter
j:\programming\college\game mod\quake2\quake2-full\ctf\p_client.c(112): warning C4996: 'stricmp': The POSIX name for this item is deprecated. Instead, use the ISO C and C++ conformant name: _stricmp. See online help for details.
  c:\program files (x86)\windows kits\10\include\10.0.10240.0\ucrt\string.h(568): note: see declaration of 'stricmp'
j:\programming\college\game mod\quake2\quake2-full\ctf\p_client.c(145): warning C4996: 'stricmp': The POSIX name for this item is deprecated. Instead, use the ISO C and C++ conformant name: _stricmp. See online help for details.
  c:\program files (x86)\windows kits\10\include\10.0.10240.0\ucrt\string.h(568): note: see declaration of 'stricmp'
j:\programming\college\game mod\quake2\quake2-full\ctf\p_client.c(146): warning C4996: 'stricmp': The POSIX name for this item is deprecated. Instead, use the ISO C and C++ conformant name: _stricmp. See online help for details.
  c:\program files (x86)\windows kits\10\include\10.0.10240.0\ucrt\string.h(568): note: see declaration of 'stricmp'
j:\programming\college\game mod\quake2\quake2-full\ctf\p_client.c(147): warning C4996: 'stricmp': The POSIX name for this item is deprecated. Instead, use the ISO C and C++ conformant name: _stricmp. See online help for details.
  c:\program files (x86)\windows kits\10\include\10.0.10240.0\ucrt\string.h(568): note: see declaration of 'stricmp'
j:\programming\college\game mod\quake2\quake2-full\ctf\p_client.c(148): warning C4996: 'stricmp': The POSIX name for this item is deprecated. Instead, use the ISO C and C++ conformant name: _stricmp. See online help for details.
  c:\program files (x86)\windows kits\10\include\10.0.10240.0\ucrt\string.h(568): note: see declaration of 'stricmp'
j:\programming\college\game mod\quake2\quake2-full\ctf\p_client.c(149): warning C4996: 'stricmp': The POSIX name for this item is deprecated. Instead, use the ISO C and C++ conformant name: _stricmp. See online help for details.
  c:\program files (x86)\windows kits\10\include\10.0.10240.0\ucrt\string.h(568): note: see declaration of 'stricmp'
j:\programming\college\game mod\quake2\quake2-full\ctf\p_client.c(150): warning C4996: 'stricmp': The POSIX name for this item is deprecated. Instead, use the ISO C and C++ conformant name: _stricmp. See online help for details.
  c:\program files (x86)\windows kits\10\include\10.0.10240.0\ucrt\string.h(568): note: see declaration of 'stricmp'
j:\programming\college\game mod\quake2\quake2-full\ctf\p_client.c(151): warning C4996: 'stricmp': The POSIX name for this item is deprecated. Instead, use the ISO C and C++ conformant name: _stricmp. See online help for details.
  c:\program files (x86)\windows kits\10\include\10.0.10240.0\ucrt\string.h(568): note: see declaration of 'stricmp'
j:\programming\college\game mod\quake2\quake2-full\ctf\p_client.c(152): warning C4996: 'stricmp': The POSIX name for this item is deprecated. Instead, use the ISO C and C++ conformant name: _stricmp. See online help for details.
  c:\program files (x86)\windows kits\10\include\10.0.10240.0\ucrt\string.h(568): note: see declaration of 'stricmp'
j:\programming\college\game mod\quake2\quake2-full\ctf\p_client.c(153): warning C4996: 'stricmp': The POSIX name for this item is deprecated. Instead, use the ISO C and C++ conformant name: _stricmp. See online help for details.
  c:\program files (x86)\windows kits\10\include\10.0.10240.0\ucrt\string.h(568): note: see declaration of 'stricmp'
j:\programming\college\game mod\quake2\quake2-full\ctf\p_client.c(154): warning C4996: 'stricmp': The POSIX name for this item is deprecated. Instead, use the ISO C and C++ conformant name: _stricmp. See online help for details.
  c:\program files (x86)\windows kits\10\include\10.0.10240.0\ucrt\string.h(568): note: see declaration of 'stricmp'
j:\programming\college\game mod\quake2\quake2-full\ctf\p_client.c(155): warning C4996: 'stricmp': The POSIX name for this item is deprecated. Instead, use the ISO C and C++ conformant name: _stricmp. See online help for details.
  c:\program files (x86)\windows kits\10\include\10.0.10240.0\ucrt\string.h(568): note: see declaration of 'stricmp'
j:\programming\college\game mod\quake2\quake2-full\ctf\p_client.c(156): warning C4996: 'stricmp': The POSIX name for this item is deprecated. Instead, use the ISO C and C++ conformant name: _stricmp. See online help for details.
  c:\program files (x86)\windows kits\10\include\10.0.10240.0\ucrt\string.h(568): note: see declaration of 'stricmp'
j:\programming\college\game mod\quake2\quake2-full\ctf\p_client.c(157): warning C4996: 'stricmp': The POSIX name for this item is deprecated. Instead, use the ISO C and C++ conformant name: _stricmp. See online help for details.
  c:\program files (x86)\windows kits\10\include\10.0.10240.0\ucrt\string.h(568): note: see declaration of 'stricmp'
j:\programming\college\game mod\quake2\quake2-full\ctf\p_client.c(158): warning C4996: 'stricmp': The POSIX name for this item is deprecated. Instead, use the ISO C and C++ conformant name: _stricmp. See online help for details.
  c:\program files (x86)\windows kits\10\include\10.0.10240.0\ucrt\string.h(568): note: see declaration of 'stricmp'
j:\programming\college\game mod\quake2\quake2-full\ctf\p_client.c(179): warning C4100: 'damage': unreferenced formal parameter
j:\programming\college\game mod\quake2\quake2-full\ctf\p_client.c(179): warning C4100: 'kick': unreferenced formal parameter
j:\programming\college\game mod\quake2\quake2-full\ctf\p_client.c(179): warning C4100: 'other': unreferenced formal parameter
j:\programming\college\game mod\quake2\quake2-full\ctf\p_client.c(179): warning C4100: 'self': unreferenced formal parameter
j:\programming\college\game mod\quake2\quake2-full\ctf\p_client.c(199): warning C4100: 'inflictor': unreferenced formal parameter
j:\programming\college\game mod\quake2\quake2-full\ctf\p_client.c(489): warning C4100: 'point': unreferenced formal parameter
j:\programming\college\game mod\quake2\quake2-full\ctf\p_client.c(964): warning C4100: 'point': unreferenced formal parameter
j:\programming\college\game mod\quake2\quake2-full\ctf\p_client.c(964): warning C4100: 'attacker': unreferenced formal parameter
j:\programming\college\game mod\quake2\quake2-full\ctf\p_client.c(964): warning C4100: 'inflictor': unreferenced formal parameter
j:\programming\college\game mod\quake2\quake2-full\ctf\p_client.c(1315): warning C4996: 'strcpy': This function or variable may be unsafe. Consider using strcpy_s instead. To disable deprecation, use _CRT_SECURE_NO_WARNINGS. See online help for details.
j:\programming\college\game mod\quake2\quake2-full\ctf\p_client.c(1320): warning C4996: 'strncpy': This function or variable may be unsafe. Consider using strncpy_s instead. To disable deprecation, use _CRT_SECURE_NO_WARNINGS. See online help for details.
  c:\program files (x86)\windows kits\10\include\10.0.10240.0\ucrt\string.h(340): note: see declaration of 'strncpy'
j:\programming\college\game mod\quake2\quake2-full\ctf\p_client.c(1357): warning C4996: 'strncpy': This function or variable may be unsafe. Consider using strncpy_s instead. To disable deprecation, use _CRT_SECURE_NO_WARNINGS. See online help for details.
  c:\program files (x86)\windows kits\10\include\10.0.10240.0\ucrt\string.h(340): note: see declaration of 'strncpy'
  Generating Code...
j:\programming\college\game mod\quake2\quake2-full\ctf\g_utils.c(215): warning C4706: assignment within conditional expression
j:\programming\college\game mod\quake2\quake2-full\ctf\g_utils.c(234): warning C4706: assignment within conditional expression
j:\programming\college\game mod\quake2\quake2-full\ctf\g_func.c(859): warning C4706: assignment within conditional expression
j:\programming\college\game mod\quake2\quake2-full\ctf\g_ctf.c(644): warning C4701: potentially uninitialized local variable 'carrier' used
j:\programming\college\game mod\quake2\quake2-full\ctf\g_ctf.c(644): warning C4703: potentially uninitialized local pointer variable 'carrier' used
j:\programming\college\game mod\quake2\quake2-full\ctf\g_combat.c(249): warning C4701: potentially uninitialized local variable 'index' used
j:\programming\college\game mod\quake2\quake2-full\ctf\g_combat.c(209): warning C4701: potentially uninitialized local variable 'power' used
  Compiling...
  p_hud.c
j:\programming\college\game mod\quake2\quake2-full\ctf\p_hud.c(246): warning C4996: 'strcpy': This function or variable may be unsafe. Consider using strcpy_s instead. To disable deprecation, use _CRT_SECURE_NO_WARNINGS. See online help for details.
j:\programming\college\game mod\quake2\quake2-full\ctf\p_hud.c(257): warning C4996: 'strcpy': This function or variable may be unsafe. Consider using strcpy_s instead. To disable deprecation, use _CRT_SECURE_NO_WARNINGS. See online help for details.
  p_menu.c
j:\programming\college\game mod\quake2\quake2-full\ctf\p_menu.c(48): warning C4996: 'strdup': The POSIX name for this item is deprecated. Instead, use the ISO C and C++ conformant name: _strdup. See online help for details.
  c:\program files (x86)\windows kits\10\include\10.0.10240.0\ucrt\string.h(552): note: see declaration of 'strdup'
j:\programming\college\game mod\quake2\quake2-full\ctf\p_menu.c(99): warning C4996: 'strdup': The POSIX name for this item is deprecated. Instead, use the ISO C and C++ conformant name: _strdup. See online help for details.
  c:\program files (x86)\windows kits\10\include\10.0.10240.0\ucrt\string.h(552): note: see declaration of 'strdup'
j:\programming\college\game mod\quake2\quake2-full\ctf\p_menu.c(121): warning C4996: 'strcpy': This function or variable may be unsafe. Consider using strcpy_s instead. To disable deprecation, use _CRT_SECURE_NO_WARNINGS. See online help for details.
j:\programming\college\game mod\quake2\quake2-full\ctf\p_menu.c(131): warning C4996: 'sprintf': This function or variable may be unsafe. Consider using sprintf_s instead. To disable deprecation, use _CRT_SECURE_NO_WARNINGS. See online help for details.
  c:\program files (x86)\windows kits\10\include\10.0.10240.0\ucrt\stdio.h(1769): note: see declaration of 'sprintf'
j:\programming\college\game mod\quake2\quake2-full\ctf\p_menu.c(139): warning C4996: 'sprintf': This function or variable may be unsafe. Consider using sprintf_s instead. To disable deprecation, use _CRT_SECURE_NO_WARNINGS. See online help for details.
  c:\program files (x86)\windows kits\10\include\10.0.10240.0\ucrt\stdio.h(1769): note: see declaration of 'sprintf'
j:\programming\college\game mod\quake2\quake2-full\ctf\p_menu.c(143): warning C4996: 'sprintf': This function or variable may be unsafe. Consider using sprintf_s instead. To disable deprecation, use _CRT_SECURE_NO_WARNINGS. See online help for details.
  c:\program files (x86)\windows kits\10\include\10.0.10240.0\ucrt\stdio.h(1769): note: see declaration of 'sprintf'
j:\programming\college\game mod\quake2\quake2-full\ctf\p_menu.c(145): warning C4996: 'sprintf': This function or variable may be unsafe. Consider using sprintf_s instead. To disable deprecation, use _CRT_SECURE_NO_WARNINGS. See online help for details.
  c:\program files (x86)\windows kits\10\include\10.0.10240.0\ucrt\stdio.h(1769): note: see declaration of 'sprintf'
j:\programming\college\game mod\quake2\quake2-full\ctf\p_menu.c(147): warning C4996: 'sprintf': This function or variable may be unsafe. Consider using sprintf_s instead. To disable deprecation, use _CRT_SECURE_NO_WARNINGS. See online help for details.
  c:\program files (x86)\windows kits\10\include\10.0.10240.0\ucrt\stdio.h(1769): note: see declaration of 'sprintf'
  p_trail.c
  p_view.c
j:\programming\college\game mod\quake2\quake2-full\ctf\p_view.c(42): warning C4100: 'angles': unreferenced formal parameter
  p_weapon.c
j:\programming\college\game mod\quake2\quake2-full\ctf\p_weapon.c(26): warning C4211: nonstandard extension used: redefined extern to static
j:\programming\college\game mod\quake2\quake2-full\ctf\p_weapon.c(557): warning C4996: 'stricmp': The POSIX name for this item is deprecated. Instead, use the ISO C and C++ conformant name: _stricmp. See online help for details.
  c:\program files (x86)\windows kits\10\include\10.0.10240.0\ucrt\string.h(568): note: see declaration of 'stricmp'
j:\programming\college\game mod\quake2\quake2-full\ctf\p_weapon.c(851): warning C4100: 'effect': unreferenced formal parameter
  q_shared.c
j:\programming\college\game mod\quake2\quake2-full\ctf\q_shared.c(266): warning C4100: 'f': unreferenced formal parameter
j:\programming\college\game mod\quake2\quake2-full\ctf\q_shared.c(312): warning C4459: declaration of 'i' hides global declaration
  j:\programming\college\game mod\quake2\quake2-full\ctf\q_shared.c(305): note: see declaration of 'i'
j:\programming\college\game mod\quake2\quake2-full\ctf\q_shared.c(315): warning C4459: declaration of 'corners' hides global declaration
  j:\programming\college\game mod\quake2\quake2-full\ctf\q_shared.c(306): note: see declaration of 'corners'
j:\programming\college\game mod\quake2\quake2-full\ctf\q_shared.c(418): warning C4100: 'p': unreferenced formal parameter
j:\programming\college\game mod\quake2\quake2-full\ctf\q_shared.c(418): warning C4100: 'emaxs': unreferenced formal parameter
j:\programming\college\game mod\quake2\quake2-full\ctf\q_shared.c(418): warning C4100: 'emins': unreferenced formal parameter
j:\programming\college\game mod\quake2\quake2-full\ctf\q_shared.c(658): warning C4459: declaration of 'i' hides global declaration
  j:\programming\college\game mod\quake2\quake2-full\ctf\q_shared.c(305): note: see declaration of 'i'
j:\programming\college\game mod\quake2\quake2-full\ctf\q_shared.c(764): warning C4459: declaration of 'i' hides global declaration
  j:\programming\college\game mod\quake2\quake2-full\ctf\q_shared.c(305): note: see declaration of 'i'
j:\programming\college\game mod\quake2\quake2-full\ctf\q_shared.c(841): warning C4459: declaration of 'i' hides global declaration
  j:\programming\college\game mod\quake2\quake2-full\ctf\q_shared.c(305): note: see declaration of 'i'
j:\programming\college\game mod\quake2\quake2-full\ctf\q_shared.c(876): warning C4996: 'strncpy': This function or variable may be unsafe. Consider using strncpy_s instead. To disable deprecation, use _CRT_SECURE_NO_WARNINGS. See online help for details.
  c:\program files (x86)\windows kits\10\include\10.0.10240.0\ucrt\string.h(340): note: see declaration of 'strncpy'
j:\programming\college\game mod\quake2\quake2-full\ctf\q_shared.c(897): warning C4996: 'strncpy': This function or variable may be unsafe. Consider using strncpy_s instead. To disable deprecation, use _CRT_SECURE_NO_WARNINGS. See online help for details.
  c:\program files (x86)\windows kits\10\include\10.0.10240.0\ucrt\string.h(340): note: see declaration of 'strncpy'
j:\programming\college\game mod\quake2\quake2-full\ctf\q_shared.c(923): warning C4996: 'strcat': This function or variable may be unsafe. Consider using strcat_s instead. To disable deprecation, use _CRT_SECURE_NO_WARNINGS. See online help for details.
j:\programming\college\game mod\quake2\quake2-full\ctf\q_shared.c(1056): warning C4996: 'vsprintf': This function or variable may be unsafe. Consider using vsprintf_s instead. To disable deprecation, use _CRT_SECURE_NO_WARNINGS. See online help for details.
  c:\program files (x86)\windows kits\10\include\10.0.10240.0\ucrt\stdio.h(1465): note: see declaration of 'vsprintf'
j:\programming\college\game mod\quake2\quake2-full\ctf\q_shared.c(1164): warning C4459: declaration of 'i' hides global declaration
  j:\programming\college\game mod\quake2\quake2-full\ctf\q_shared.c(305): note: see declaration of 'i'
j:\programming\college\game mod\quake2\quake2-full\ctf\q_shared.c(1231): warning C4996: 'vsprintf': This function or variable may be unsafe. Consider using vsprintf_s instead. To disable deprecation, use _CRT_SECURE_NO_WARNINGS. See online help for details.
  c:\program files (x86)\windows kits\10\include\10.0.10240.0\ucrt\stdio.h(1465): note: see declaration of 'vsprintf'
j:\programming\college\game mod\quake2\quake2-full\ctf\q_shared.c(1235): warning C4996: 'strncpy': This function or variable may be unsafe. Consider using strncpy_s instead. To disable deprecation, use _CRT_SECURE_NO_WARNINGS. See online help for details.
  c:\program files (x86)\windows kits\10\include\10.0.10240.0\ucrt\string.h(340): note: see declaration of 'strncpy'
j:\programming\college\game mod\quake2\quake2-full\ctf\q_shared.c(1335): warning C4996: 'strcpy': This function or variable may be unsafe. Consider using strcpy_s instead. To disable deprecation, use _CRT_SECURE_NO_WARNINGS. See online help for details.
  Generating Code...
j:\programming\college\game mod\quake2\quake2-full\ctf\p_weapon.c(859): warning C4702: unreachable code
j:\programming\college\game mod\quake2\quake2-full\ctf\p_weapon.c(860): warning C4702: unreachable code
j:\programming\college\game mod\quake2\quake2-full\ctf\p_weapon.c(861): warning C4702: unreachable code
j:\programming\college\game mod\quake2\quake2-full\ctf\p_weapon.c(39): warning C4702: unreachable code
j:\programming\college\game mod\quake2\quake2-full\ctf\p_weapon.c(866): warning C4702: unreachable code
j:\programming\college\game mod\quake2\quake2-full\ctf\p_weapon.c(876): warning C4702: unreachable code
j:\programming\college\game mod\quake2\quake2-full\ctf\p_weapon.c(878): warning C4702: unreachable code
j:\programming\college\game mod\quake2\quake2-full\ctf\p_weapon.c(879): warning C4702: unreachable code
j:\programming\college\game mod\quake2\quake2-full\ctf\p_hud.c(441): warning C4701: potentially uninitialized local variable 'cells' used
C:\Program Files (x86)\Microsoft Visual Studio\2017\Community\Common7\IDE\VC\VCTargets\Microsoft.CppBuild.targets(1216,5): warning MSB8012: TargetPath(J:\Programming\College\Game Mod\quake2\quake2-full\ctf\.\release\ctf.dll) does not match the Linker's OutputFile property value (J:\Programming\College\Game Mod\quake2\quake2-full\ctf\release\gamex86.dll). This may cause your project to build incorrectly. To correct this, please make sure that $(OutDir), $(TargetName) and $(TargetExt) property values match the value specified in %(Link.OutputFile).
C:\Program Files (x86)\Microsoft Visual Studio\2017\Community\Common7\IDE\VC\VCTargets\Microsoft.CppBuild.targets(1218,5): warning MSB8012: TargetName(ctf) does not match the Linker's OutputFile property value (gamex86). This may cause your project to build incorrectly. To correct this, please make sure that $(OutDir), $(TargetName) and $(TargetExt) property values match the value specified in %(Link.OutputFile).
     Creating library .\release\gamex86.lib and object .\release\gamex86.exp
  ctf.vcxproj -> J:\Programming\College\Game Mod\quake2\quake2-full\ctf\.\release\ctf.dll
